101
 energy: -140.761759799839 gnorm: 0.169164923702 xtb: 6.5.0 (unknown)
C           -3.40191780821918       -4.34524657534247        1.25390410958904
C           -3.86391780821918       -3.19424657534247        0.36690410958904
H           -3.98791780821918       -5.24424657534247        1.03490410958904
H           -2.34891780821918       -4.58924657534247        1.08490410958904
H           -3.53691780821918       -4.10324657534247        2.31290410958904
C           -3.17391780821918       -1.84724657534247        0.69690410958904
H           -3.70891780821918       -3.46524657534247       -0.68409589041096
H           -4.94691780821918       -3.08524657534247        0.50390410958904
C           -3.85191780821918       -0.70124657534247       -0.10909589041096
H           -3.36091780821918       -1.64624657534247        1.76090410958904
H           -3.59591780821918       -0.76924657534247       -1.17309589041096
H           -4.93591780821918       -0.87424657534247       -0.05709589041096
C           -3.59991780821918        0.73875342465753        0.42590410958904
C           -4.64691780821918        1.70475342465753       -0.18409589041096
H           -3.78391780821918        0.71275342465753        1.50890410958904
H           -4.51191780821918        1.78875342465753       -1.26909589041096
H           -5.65091780821918        1.29175342465753       -0.02609589041096
C           -4.61991780821918        3.09875342465753        0.43190410958904
H           -5.43891780821918        3.70175342465753        0.02690410958904
H           -4.74191780821918        3.04975342465753        1.51890410958904
H           -3.68491780821918        3.62175342465753        0.21090410958904
C           -2.18691780821918        1.24875342465753        0.18490410958904
C           -1.39091780821918        1.63575342465753        1.27290410958904
C           -1.64291780821918        1.33675342465753       -1.10409589041096
C           -0.07091780821918        2.05075342465753        1.08190410958904
H           -1.78191780821918        1.57975342465753        2.28590410958904
C           -0.32191780821918        1.75175342465753       -1.29609589041096
H           -2.22991780821918        1.04575342465753       -1.97209589041096
C            0.48308219178082        2.10475342465753       -0.20509589041096
H            0.53808219178082        2.28975342465753        1.95190410958904
H            0.09008219178082        1.75275342465753       -2.30409589041096
C           -1.67191780821918       -1.93424657534247        0.47190410958904
C           -0.79591780821918       -1.77524657534247        1.55390410958904
C           -1.12991780821918       -2.13624657534247       -0.80509589041096
C            0.58708219178082       -1.74724657534247        1.35390410958904
H           -1.18391780821918       -1.61624657534247        2.55690410958904
C            0.25208219178082       -2.10924657534247       -1.00609589041096
H           -1.78091780821918       -2.26524657534247       -1.66709589041096
C            1.12508219178082       -1.89424657534247        0.06890410958904
H            1.23708219178082       -1.54624657534247        2.20290410958904
H            0.63908219178082       -2.19624657534247       -2.01909589041096
C            2.61308219178082       -1.71924657534247       -0.16809589041096
H            2.74708219178082       -1.30524657534247       -1.16909589041096
H            2.99308219178082       -1.03024657534247        0.58690410958904
C            1.94208219178082        2.47075342465753       -0.40409589041096
H            2.49708219178082        2.16475342465753        0.48590410958904
H            2.31308219178082        1.94275342465753       -1.28409589041096
C            4.92608219178082       -2.51824657534247       -0.37309589041096
H            5.57608219178082       -3.39824657534247       -0.33309589041096
H            4.96608219178082       -2.09224657534247       -1.37609589041096
H            5.22608219178082       -1.81924657534247        0.40790410958904
C            3.09008219178082       -3.98224657534247       -1.14909589041096
H            2.09408219178082       -4.37124657534247       -0.92209589041096
H            3.09708219178082       -3.48624657534247       -2.12509589041096
H            3.81108219178082       -4.80624657534247       -1.14309589041096
C            3.44208219178082       -3.59124657534247        1.28490410958904
H            3.69408219178082       -2.82124657534247        2.01990410958904
H            2.44108219178082       -3.98924657534247        1.47190410958904
H            4.16908219178082       -4.40824657534247        1.33290410958904
C            3.78208219178082        4.05975342465753       -0.75409589041096
H            4.04708219178082        5.11575342465753       -0.86909589041096
H            4.23308219178082        3.66975342465753        0.16090410958904
H            4.07508219178082        3.51775342465753       -1.65009589041096
C            1.64608219178082        4.45675342465753       -1.91509589041096
H            1.95508219178082        3.79375342465753       -2.72909589041096
H            0.55708219178082        4.46575342465753       -1.81809589041096
H            2.00108219178082        5.47475342465753       -2.10409589041096
C            1.81608219178082        4.79975342465753        0.54690410958904
H            0.72408219178082        4.80075342465753        0.60290410958904
H            2.25008219178082        4.38175342465753        1.45990410958904
H            2.16908219178082        5.82575342465753        0.39990410958904
N            3.48608219178082       -2.99424657534247       -0.09209589041096
N            2.24908219178082        3.97275342465753       -0.62509589041096
O           13.09091529801252       -1.94735605315653       -7.30560547584673
H           13.62692411219473       -1.40703105895933       -7.90536443464999
H           12.53159517945444       -2.47086781516982       -7.89895055614141
O           -7.60885385483045      -10.58130412106555       -0.79597668642479
H           -7.94940128851059      -10.78808874077181        0.08733238936172
H           -8.19960331772346      -11.06396061980239       -1.39348795880274
O           -6.05517803936076       -9.44357195820001        3.81079868994550
H           -6.35727233977121       -8.76222902455044        3.19154252540185
H           -6.62375601651951       -9.32375564301558        4.58625022215476
O           10.29972091964589       -2.76257469740360        3.79524750346679
H           10.71821646607682       -1.95317221335576        4.12493895518289
H            9.55906241569919       -2.90740332044164        4.40303989794071
O           -0.39268326275748        6.62955659255984       -5.88330227948602
H           -1.06991400180647        7.24398183103596       -6.20393838055814
H           -0.85820228063082        5.78235720152281       -5.81616674400205
O            5.03600040999392      -10.38010933420384        2.99623982364642
H            4.56835115737251      -11.22796129095654        2.95857561181021
H            5.24873144869794      -10.18881513468269        2.07043532014610
O           -1.74039765003210       -7.43715514813569        3.22257978894655
H           -2.43000370296898       -6.76013362124155        3.29366214100899
H           -1.02803829678270       -6.99550180077734        2.73632017011596
O           -8.69042492626388       -2.78887348858984       -6.03812066540666
H           -8.45410562444611       -3.38374192545799       -6.76561780444324
H           -9.62744528590111       -2.59418104822350       -6.18994175613362
C           -1.82911195765840       -0.05901872834030        4.63557114011230
O           -2.54486627181437       -0.36296614025089        5.57742422375113
O           -2.12406385192645       -0.19714154252405        3.44286122887250
O           -0.69905064255445        0.43373621506843        4.72939210925991
101
 energy: -140.785509255966 gnorm: 0.074323978591 xtb: 6.5.0 (unknown)
C           -3.39801366568714       -4.33989595687907        1.25151045290140
C           -3.85953260123289       -3.18596862774478        0.36678226271054
H           -3.98231862872426       -5.23726970121705        1.03493237330376
H           -2.34594367429499       -4.57165167263125        1.08354031875511
H           -3.53104756259125       -4.09037030663776        2.30363259262424
C           -3.16670575020359       -1.84216889998080        0.69282338026371
H           -3.69875406684602       -3.45402753392630       -0.68267886676420
H           -4.93939756952104       -3.07018849086295        0.50504166770523
C           -3.84348787858022       -0.70054590987423       -0.10710024228471
H           -3.33189801899621       -1.63244786987034        1.75555020756873
H           -3.57469424533054       -0.76591358073856       -1.16602516461564
H           -4.92533096511990       -0.87184722898900       -0.05084187394013
C           -3.59203596341732        0.73351366458296        0.42325756052042
C           -4.63983353604561        1.69714703466186       -0.18291754990182
H           -3.75579778676814        0.70626289310977        1.50579697608869
H           -4.49836972330681        1.78013835309700       -1.26575213743156
H           -5.63912872060330        1.27963194713892       -0.02226751529534
C           -4.61431695292861        3.09343694314026        0.43025238194564
H           -5.43149558432625        3.69674043603529        0.02896171824966
H           -4.73273057643267        3.04036241454977        1.51151622637979
H           -3.67744932109325        3.60705633920741        0.21484790592226
C           -2.18273659928697        1.23417084875886        0.18398643377038
C           -1.38953136585231        1.63673858536246        1.26702547759761
C           -1.63517607576683        1.32562597340560       -1.09941330957259
C           -0.08457640502481        2.05193844782822        1.07998658879491
H           -1.76944254245267        1.54510336713765        2.27617877549833
C           -0.33243104289681        1.75020452250145       -1.29696605054717
H           -2.22351441936242        1.04506519110328       -1.96419233717315
C            0.47570369406082        2.10871813174874       -0.20655143469645
H            0.52121180139567        2.28664858857147        1.94659460651191
H            0.07947057637548        1.75876591637572       -2.30216064621633
C           -1.67145815956504       -1.92084369917298        0.46498153183567
C           -0.79197809581900       -1.78488881007420        1.54537273720293
C           -1.12560085819707       -2.12031831786514       -0.80621763103718
C            0.57670341807880       -1.75368706201616        1.35048612549430
H           -1.18688881848334       -1.58774719328277        2.53573725676613
C            0.24375117817801       -2.10880749940953       -1.00790340940835
H           -1.77401160512707       -2.26308118778953       -1.66181472832603
C            1.12180541544750       -1.89944708791026        0.06625657370899
H            1.22290712840235       -1.55543248772322        2.19689569411990
H            0.63406469148247       -2.20622662175528       -2.01634938137425
C            2.58937603219916       -1.71193339075263       -0.16824200192576
H            2.75266112329688       -1.30685933965356       -1.16806186870021
H            2.99176808662284       -1.03406357947404        0.58431316806742
C            1.91924456843455        2.45522745860534       -0.40038190428698
H            2.48815489788720        2.16840496421979        0.48491936029021
H            2.31296025481944        1.94620918715436       -1.28161184508298
C            4.91429342564077       -2.54169187166245       -0.36781496402093
H            5.57994364986796       -3.40392214283227       -0.33156234826019
H            4.96166058634603       -2.09528086049187       -1.35750647492656
H            5.21525272974676       -1.82751147453241        0.39342616285457
C            3.09495709505699       -3.96960680107585       -1.12653715996159
H            2.09535801974968       -4.34482442901888       -0.91255836549638
H            3.09463709118563       -3.48935299068617       -2.10394943647900
H            3.80081564924702       -4.80142322465691       -1.13436485759322
C            3.43866945166151       -3.58666994244059        1.26137614163409
H            3.68313874059567       -2.83038669988439        2.00476127878739
H            2.43721673634199       -3.96598797647443        1.45828774746893
H            4.15669832322985       -4.40538138533125        1.32871627588317
C            3.76305997994176        4.07436232055736       -0.75423402327995
H            4.04770773279589        5.11989337108563       -0.86969943851175
H            4.22381213448006        3.67436572508723        0.14514521655312
H            4.07743962490891        3.51884559131326       -1.63265054517279
C            1.64933540112344        4.45453907237408       -1.89001284689156
H            1.94676152592528        3.80249721742983       -2.70954790302910
H            0.56425633020404        4.44700910225332       -1.80204548441466
H            1.98992883913819        5.46971981232638       -2.09664367688576
C            1.81770146636232        4.78742915964302        0.52519684659402
H            0.73115084435415        4.77391403731131        0.59638865872471
H            2.23840575661515        4.38044966932136        1.44287344003082
H            2.15913038277939        5.81579532077180        0.39573277827675
N            3.49266598070609       -2.97602748555822       -0.09450092416967
N            2.26214533092255        3.95953709874894       -0.62644415113201
O           13.08516615951341       -1.94297857545464       -7.31343352907738
H           13.63027263549278       -1.40800482985402       -7.89997829639443
H           12.53313810117770       -2.47414376298654       -7.89671695884465
O           -7.61921974560650      -10.58100848887401       -0.79648657612425
H           -7.93861119408735      -10.78678119172904        0.08861073044082
H           -8.19851972831158      -11.06506242601286       -1.39381522116054
O           -6.07946329517709       -9.45563523100213        3.80305135068960
H           -6.34375147949006       -8.75818953877384        3.19260938631888
H           -6.61550434701646       -9.31663772200369        4.59147265500866
O           10.28354363754615       -2.74735775468939        3.78946731265965
H           10.72551807456662       -1.96015016890107        4.12589897913299
H            9.56457369971311       -2.91508296478127        4.40848836206905
O           -0.40045403727657        6.62498820376056       -5.87519780185943
H           -1.05969036877171        7.24595921553472       -6.20345911505266
H           -0.85944471907283        5.78047861806517       -5.81846778285569
O            5.03620431048051      -10.38154460549223        2.98680953363268
H            4.56750857017392      -11.22289306970789        2.96921575078730
H            5.24966617560718      -10.19212288774639        2.06768674783412
O           -1.74068457198857       -7.43200187003262        3.20824304263403
H           -2.43105560546880       -6.76651519640525        3.30432260568802
H           -1.02853683836623       -6.98570238879226        2.74005218401971
O           -8.69313109926015       -2.78703685033103       -6.04827629333632
H           -8.45216298597106       -3.38603392285140       -6.76249630534947
H           -9.62659535146794       -2.59354484498315       -6.18389053732570
C           -1.83432387110302       -0.04799392326156        4.64622480102611
O           -2.54364698881831       -0.36901140310923        5.61148397908882
O           -2.17197533662137       -0.19037676644038        3.42294327726112
O           -0.66197192115808        0.44533235212997        4.72581431575684
101
 energy: -140.794549734648 gnorm: 0.041890850681 xtb: 6.5.0 (unknown)
C           -3.38725345243059       -4.32451909705543        1.25087058876177
C           -3.85050241670543       -3.17043159557508        0.36628927466093
H           -3.96848902268697       -5.22120080793658        1.03410756395855
H           -2.33538757201918       -4.54529625668329        1.08151769134508
H           -3.52066390348671       -4.06902140025936        2.29838630504471
C           -3.15659751823599       -1.83036316481008        0.69160703576452
H           -3.68512703181964       -3.43465261904684       -0.68259216584737
H           -4.92753846676241       -3.04826484651550        0.50552561323679
C           -3.83398235682262       -0.70032868836936       -0.11116687230344
H           -3.30137615874832       -1.61140142443247        1.75409244733685
H           -3.55100885587125       -0.76288078393910       -1.16527888544360
H           -4.91353344619649       -0.87151371065913       -0.05527656718746
C           -3.58005512622344        0.72348158173952        0.42568180365209
C           -4.62656176266421        1.68386999081916       -0.18052534330729
H           -3.72474358432804        0.69384510898365        1.50909378345998
H           -4.47876622367270        1.76436929282229       -1.26186478146753
H           -5.62168155008802        1.26214273863491       -0.01813135122380
C           -4.59986712773659        3.08104061068930        0.43201500317117
H           -5.41408332037785        3.68468980239766        0.03035826460654
H           -4.71784637106858        3.02389083507489        1.50987171026803
H           -3.66009246616937        3.58546141329554        0.21904722817422
C           -2.17757161024267        1.21824502385705        0.18126951003167
C           -1.38220862512029        1.61977002893893        1.26265573693303
C           -1.62939856516101        1.31881888727269       -1.09899494596954
C           -0.09078277240363        2.04621999402053        1.07646327494136
H           -1.75583170471354        1.49404313320018        2.26963080464331
C           -0.33835890405980        1.74981757825178       -1.30078149377410
H           -2.21800406568393        1.03571492301935       -1.96014248567843
C            0.47563220714568        2.11320921467369       -0.21090401349202
H            0.51009826477523        2.28575403414627        1.94098154350014
H            0.07272565756135        1.76912014377721       -2.30429104569544
C           -1.66987545438958       -1.90561129838932        0.45576397922430
C           -0.78861766033717       -1.76930947659935        1.53430231428301
C           -1.12007543464447       -2.11178610837845       -0.81047269130751
C            0.57134870750164       -1.75282837737359        1.34460659542866
H           -1.19504266636080       -1.54334327303864        2.51449640498544
C            0.24134248671331       -2.10870123450314       -1.01293947730812
H           -1.76871839693443       -2.25322290234840       -1.66314993835630
C            1.12650618147213       -1.90339932451271        0.06091416219015
H            1.21578404405462       -1.56675355191034        2.19130661344397
H            0.63528899101007       -2.21808735226107       -2.01741024664571
C            2.57195613903836       -1.70297138535873       -0.16928148294462
H            2.75898188457028       -1.30511656008091       -1.16915123085100
H            2.99040994875791       -1.03272069748298        0.58270277321581
C            1.90178406790769        2.43867150677845       -0.39728869653648
H            2.47976783335119        2.16811132462311        0.48719456638870
H            2.31418000804651        1.94403331839994       -1.27981777016819
C            4.88999973576401       -2.55419970132227       -0.36059122878620
H            5.56326224560539       -3.40737075390063       -0.32542980863080
H            4.95421164318332       -2.09530011233659       -1.34447926968030
H            5.20362519367953       -1.82921877105366        0.38628261482979
C            3.09170420076837       -3.95782250272115       -1.10891426830101
H            2.08508182014927       -4.31142340265687       -0.89779530096387
H            3.09181834446810       -3.49103255632145       -2.09142763775189
H            3.78033170517494       -4.80129709167167       -1.11859952509134
C            3.42852187875405       -3.57908913380881        1.24611349176120
H            3.67321081793316       -2.83360716073891        1.99870684626671
H            2.42012147632958       -3.93586713109149        1.44136808969594
H            4.13205635618443       -4.40668650358273        1.32490517592897
C            3.73592780759279        4.07640316473847       -0.75119524961315
H            4.03090069856609        5.11631564342208       -0.86963777401682
H            4.21253356330132        3.67543970555271        0.13934692952292
H            4.07708559539128        3.51327493132206       -1.61768612341962
C            1.64642285911635        4.44849051457238       -1.86956454459613
H            1.93848184646008        3.80832763951874       -2.69908459960149
H            0.56369913734778        4.41885474836850       -1.77746620814251
H            1.96653311485621        5.46686483268121       -2.08340847358228
C            1.81397788509905        4.77265612180327        0.51217540580993
H            0.72980184586003        4.73442380439389        0.58816788886325
H            2.22995864394522        4.37584000514048        1.43505917481249
H            2.13643393181398        5.80610465502896        0.39157863938456
N            3.50038998323013       -2.97396530402491       -0.09429879382330
N            2.26969814709994        3.96139505184329       -0.62845269448625
O           13.07625070690325       -1.93663781109867       -7.32111037400546
H           13.63629751827348       -1.40798830707231       -7.89307578811771
H           12.53436878879702       -2.48013112450410       -7.89609205710741
O           -7.63136578047833      -10.57796627760022       -0.79934077621071
H           -7.92008114078639      -10.78458383181954        0.09262867145433
H           -8.20098057467285      -11.06881800704836       -1.39370413783286
O           -6.11310847459980       -9.47577716187588        3.79153006145081
H           -6.32480481038447       -8.75242993638880        3.19206162104952
H           -6.60629851498212       -9.30457904747278        4.59991934244481
O           10.25997407072201       -2.72756816065253        3.77906865525190
H           10.73581059541953       -1.96818351076208        4.12692785458622
H            9.57020120326832       -2.92570853189251        4.41888906959318
O           -0.40787716239734        6.61654484254818       -5.86126209500858
H           -1.04340443106565        7.25095363087122       -6.20120206368688
H           -0.86541368151953        5.77461529700374       -5.82138190102743
O            5.03797220998922      -10.38023457608359        2.97477547198955
H            4.56452190214895      -11.21533732764647        2.98742209383010
H            5.25143179375405      -10.20017889688655        2.05827282949431
O           -1.74136572302719       -7.42636827339972        3.18653999542062
H           -2.43556902454264       -6.77506596951604        3.32182325533212
H           -1.02764530286722       -6.96423385020952        2.74438866003277
O           -8.69427350636584       -2.78253266623280       -6.06111908775492
H           -8.44984814042984       -3.39141623584678       -6.76032855409207
H           -9.62735196028600       -2.59226349726680       -6.17539912567133
C           -1.82169798693479       -0.06425696757333        4.64940448280189
O           -2.51441053100294       -0.35428621425462        5.64354130632738
O           -2.24987478101728       -0.17261434579707        3.42185051177433
O           -0.63626577221724        0.45165888836369        4.69374721349897
101
 energy: -140.792389192239 gnorm: 0.084638432540 xtb: 6.5.0 (unknown)
C           -3.37184813909991       -4.30679014973104        1.25212647450790
C           -3.83983500916945       -3.15569658429471        0.36683770160806
H           -3.94801884554827       -5.20520039467787        1.03581697463063
H           -2.31893533965068       -4.51640788864330        1.08103523035705
H           -3.50663593817554       -4.04540432715582        2.29671620051899
C           -3.14652983271890       -1.81860440127195        0.69021614760343
H           -3.67084135248804       -3.41554284210963       -0.68199345843718
H           -4.91500528910499       -3.02921305233690        0.50665074864662
C           -3.82485459233903       -0.70058298979989       -0.11711373686837
H           -3.27773463082749       -1.59044060197599        1.75198175647459
H           -3.52755399961745       -0.76008851034455       -1.16672525842748
H           -4.90271629835735       -0.87284360762515       -0.06736710131215
C           -3.56861199810731        0.71305726664114        0.42795051539629
C           -4.61267973604327        1.67164932916234       -0.17712453114206
H           -3.69875840058478        0.67903694822672        1.51239338667080
H           -4.45895270711457        1.74856350896057       -1.25739372764116
H           -5.60517486738598        1.24722507355531       -0.01411168188479
C           -4.58098035243081        3.06797393026017        0.43599402171194
H           -5.39095138317535        3.67467731454864        0.03339066814293
H           -4.69931515378779        3.00590009635071        1.51226685498943
H           -3.63662405211329        3.56256510327457        0.22470125621140
C           -2.17124568452059        1.20036955428071        0.17773972919336
C           -1.37313861887022        1.59268705570408        1.26009493263120
C           -1.62581480715921        1.31147442548349       -1.10173337385447
C           -0.09133730438208        2.03283876144510        1.07332330595394
H           -1.74210231178648        1.43376276189849        2.26571799098881
C           -0.34141812558244        1.74804207092716       -1.30567961352142
H           -2.21623930192715        1.02694182862521       -1.96067042759659
C            0.47847589575992        2.10936970848630       -0.21538324749337
H            0.50669302220874        2.27717400436425        1.93692398290768
H            0.06840994683970        1.77932749493477       -2.30858988313608
C           -1.66694061646195       -1.88898763984530        0.44649463510438
C           -0.78519669149476       -1.74397530106846        1.52397738824192
C           -1.11570342395097       -2.10416901774165       -0.81697292620094
C            0.57013603699599       -1.74366916983708        1.33778816134342
H           -1.20015754491247       -1.50204317667868        2.49686043179982
C            0.24165694604917       -2.10674048346847       -1.01955513719713
H           -1.76578073611694       -2.24577880497910       -1.66788261562358
C            1.13191645197116       -1.89875293237589        0.05364009577446
H            1.21499817833645       -1.56933472375619        2.18527124703088
H            0.63872542776604       -2.22761614569076       -2.02096732371065
C            2.55781936075777       -1.68536967030771       -0.17235247563241
H            2.76407316859196       -1.29730350150536       -1.17308382050344
H            2.98882741279161       -1.02385798629889        0.58101073668814
C            1.89024674417067        2.41429706227778       -0.39413964441816
H            2.47413403178014        2.16094900412253        0.49152550838057
H            2.31705560539983        1.93477466422854       -1.27899688498188
C            4.87219414801591       -2.56433977351326       -0.35378093045597
H            5.55183786446978       -3.41280701733460       -0.31838572490047
H            4.94999697871994       -2.09891992477757       -1.33589766454557
H            5.19623222958706       -1.83200446554542        0.38441175471744
C            3.08250765614072       -3.94871177776425       -1.09522033101141
H            2.06618876549238       -4.27543641883323       -0.88404045843722
H            3.09109847932812       -3.49290456440704       -2.08321535806105
H            3.75058790034890       -4.80878631849459       -1.10078271681646
C            3.41347727758474       -3.57122342833366        1.23768901452735
H            3.66593893099038       -2.83386266587335        1.99627156765337
H            2.39445115727348       -3.90196156729279        1.42668405069748
H            4.09761439478286       -4.41413861429805        1.32610970264129
C            3.71479052748742        4.07871129730828       -0.74797598035386
H            4.01777470876099        5.11627753921854       -0.87163167398652
H            4.20273824930940        3.68042815689381        0.13976889472407
H            4.07527167462382        3.50942368611474       -1.60608601424211
C            1.63766593622909        4.44186597335320       -1.85367616758933
H            1.93177171775418        3.81447095330474       -2.69298507087542
H            0.55621604178300        4.38523794189376       -1.75274524696716
H            1.93140395468425        5.46811124877846       -2.06984545631845
C            1.80529038268344        4.75749546904134        0.50592856853561
H            0.72204560777864        4.68880926320270        0.58345474783139
H            2.22543845678465        4.37039365651986        1.43131499628119
H            2.10202484320750        5.79936320294421        0.39109522850108
N            3.50627786677473       -2.97569083243290       -0.09311472970546
N            2.27385798552773        3.96658720327740       -0.62982447945920
O           13.06083826470041       -1.92514846572547       -7.32732372879874
H           13.64474626147636       -1.41006392404134       -7.88607802169291
H           12.53813989213329       -2.48913498641435       -7.89846376529791
O           -7.64687373304849      -10.56720307789088       -0.80469745956564
H           -7.89366977421985      -10.78364642779443        0.09775935792316
H           -8.20576083076880      -11.07779646064510       -1.39016764643872
O           -6.15404804563678       -9.50245455284275        3.77678591200976
H           -6.30285884899031       -8.74648831352287        3.19238469369668
H           -6.59521193026896       -9.28752928074724        4.60919653489508
O           10.22754305464468       -2.70177657381842        3.76085179662710
H           10.74867336310587       -1.97969707242345        4.12969900493216
H            9.57891820610596       -2.93863810047327        4.43426823175591
O           -0.41467659121773        6.60586404953945       -5.83842440171435
H           -1.02161792446006        7.25668123612371       -6.19858053640175
H           -0.87645941078479        5.76643272667486       -5.82764775358469
O            5.04106185600562      -10.37504084589628        2.96154056357535
H            4.56066344122451      -11.20438841317195        3.01093672836946
H            5.25299971448179      -10.21504964685329        2.04269430341812
O           -1.74429928881559       -7.42270005751646        3.15532894741288
H           -2.44084557956295       -6.78503333029729        3.34444970328064
H           -1.02566692472104       -6.93095159508281        2.75307180113912
O           -8.69180939194977       -2.77091505587809       -6.07758865076482
H           -8.45025868881674       -3.40099399882398       -6.75718314186194
H           -9.62938717964961       -2.59350384714908       -6.16416206502960
C           -1.86611360735751        0.05303556871769        4.64332584489487
O           -2.46490342534573       -0.38281934075366        5.66105742682712
O           -2.31132870705585       -0.17867744043924        3.42572222114465
O           -0.60087825642293        0.40572331092008        4.66285336240344
101
 energy: -140.801050639411 gnorm: 0.048279576415 xtb: 6.5.0 (unknown)
C           -3.36342858578279       -4.29939416390543        1.25372547513717
C           -3.83546806336377       -3.15224501082726        0.36737556096922
H           -3.93643368784424       -5.20058736648616        1.03879373087786
H           -2.30918428326480       -4.50552231105451        1.08226125536923
H           -3.49893211685717       -4.03611254588523        2.29871805789609
C           -3.14389220705776       -1.81522802286624        0.68872407349753
H           -3.66654105964953       -3.41077019227518       -0.68183863988285
H           -4.91095374439189       -3.02620711484710        0.50743324372057
C           -3.82275366194777       -0.70095245053836       -0.12113715897466
H           -3.27625707486192       -1.58471520559103        1.75003824094938
H           -3.52149438675012       -0.75927471454080       -1.16982689373179
H           -4.90079124132668       -0.87438758533104       -0.07694071815457
C           -3.56577545620406        0.70976820848989        0.42782546770661
C           -4.60823816657271        1.66908621787878       -0.17568030543419
H           -3.69604705779472        0.67245314546446        1.51257018479549
H           -4.45332079066127        1.74434620236240       -1.25597005568905
H           -5.60131740735204        1.24508460507633       -0.01321430112220
C           -4.57170601186913        3.06352487590857        0.43869401022871
H           -5.37930526037608        3.67381691127896        0.03593369439177
H           -4.69066659518506        2.99957946374099        1.51585600501619
H           -3.62461618228419        3.55472411192525        0.22782168176250
C           -2.16777974342802        1.19351201865428        0.17642903719172
C           -1.36921076708499        1.57765471236890        1.26094941097343
C           -1.62654441672983        1.30851087103091       -1.10486435306156
C           -0.08699580554563        2.02269826031860        1.07316810511827
H           -1.73692393929526        1.40989607383211        2.26676673609961
C           -0.34019893599149        1.74586103339007       -1.30774406304193
H           -2.21866323016136        1.02574621470267       -1.96433548478305
C            0.48045681377772        2.09963740595618       -0.21622233244028
H            0.51218083547416        2.26760916425176        1.93720561637601
H            0.06846035654915        1.78160482522977       -2.31149125048089
C           -1.66491859696093       -1.88207457727295        0.44273828992552
C           -0.78578990343498       -1.72796640530145        1.52080942376155
C           -1.11564156514946       -2.10226173835157       -0.82130988739909
C            0.57175108611107       -1.73349224162428        1.33509527286076
H           -1.20232890873350       -1.48227465870944        2.49180665166093
C            0.24367780897716       -2.10444361689028       -1.02270295460530
H           -1.76634464773718       -2.24657712861069       -1.67253326771040
C            1.13167936450397       -1.88962704137285        0.05046300865744
H            1.21782717113926       -1.56094394240762        2.18315917769379
H            0.64131677174707       -2.22867642274356       -2.02385787508631
C            2.55669916253257       -1.67338848498503       -0.17486730068498
H            2.76431565611515       -1.29038226777000       -1.17632256635035
H            2.98787888999129       -1.01539858803140        0.58032582431351
C            1.89231046672228        2.40065713665634       -0.39332102246551
H            2.47492828037839        2.15281769900395        0.49402832511079
H            2.31909768328914        1.92636549224675       -1.27969790709209
C            4.87539597373972       -2.56537667877940       -0.35258020094482
H            5.55407070807656       -3.41679879753764       -0.31557527058435
H            4.95153298161034       -2.10335115849719       -1.33683499718012
H            5.19745508157767       -1.83424687070194        0.38818137631629
C            3.07416900626487       -3.94843142669561       -1.09453929463686
H            2.05348094870324       -4.26358747636403       -0.88166579077647
H            3.09195041484904       -3.49372995098209       -2.08364748499826
H            3.73409080679444       -4.81650666244427       -1.09377650343572
C            3.40419797765454       -3.56877814515687        1.24149368127008
H            3.66496927647303       -2.83166608949550        1.99826482724814
H            2.37988304373912       -3.88932062414464        1.42555267631106
H            4.07913023945079       -4.42070050367686        1.33060218836400
C            3.71689997262381        4.08085098731733       -0.74737062417165
H            4.01844735447952        5.12040199428624       -0.87390166421065
H            4.20136978329070        3.68567095506292        0.14458543712062
H            4.07386524277208        3.51036238187338       -1.60566665470316
C            1.62961351106761        4.43954897931725       -1.85316271009071
H            1.93056054095821        3.81648595487614       -2.69399151310021
H            0.54815496154858        4.37143148452318       -1.74652478903475
H            1.91169699235945        5.47131996302879       -2.06557732962522
C            1.79804850620056        4.75264708051123        0.50993734873464
H            0.71447089576639        4.67122032525618        0.58570404850977
H            2.22668152928126        4.36789505775841        1.43302904358989
H            2.08249503004665        5.79916371650415        0.39403719714347
N            3.50407421283397       -2.97666032370976       -0.09187283199692
N            2.27152738254933        3.96777142658008       -0.62918167887099
O           13.05054347362982       -1.91733120149897       -7.32736766316226
H           13.64868245421593       -1.41335186294457       -7.88430454897365
H           12.54212985208270       -2.49399975884459       -7.90201930846153
O           -7.65393504011452      -10.55696386529686       -0.80827616189053
H           -7.88015533308957      -10.78450854400239        0.09928783440748
H           -8.20886624621022      -11.08507326038297       -1.38519280246855
O           -6.16542164750542       -9.50915757512287        3.77344320779409
H           -6.29784092010551       -8.74769021988775        3.19249526053922
H           -6.59344473294876       -9.28169644866828        4.60970366217426
O           10.21524550290111       -2.69343845315692        3.75336877804299
H           10.75154841282100       -1.98464756070887        4.13037350188736
H            9.58234993056127       -2.94170690001534        4.44002904025632
O           -0.41560812310083        6.60099208665313       -5.82415603946448
H           -1.01085195420112        7.25792406391422       -6.19721229620192
H           -0.88403973267602        5.76281493300012       -5.83257413582260
O            5.04322852389444      -10.36999238365912        2.95724360471909
H            4.55910053766435      -11.19785805388701        3.02138300970846
H            5.25261736780062      -10.22598715863610        2.03326651605264
O           -1.74688954414011       -7.42279691342043        3.13980027644053
H           -2.44222132279731       -6.78846058341304        3.35396651087082
H           -1.02530908791929       -6.91181776046574        2.75935750838465
O           -8.68756819109057       -2.76068266589554       -6.08536474791236
H           -8.45368805920784       -3.40717317660770       -6.75504065395412
H           -9.63065691550583       -2.59676561892219       -6.15895970727034
C           -1.82956357641629       -0.02308647079087        4.63814746323802
O           -2.46809972417183       -0.35440048395548        5.65369746275554
O           -2.32371211081379       -0.15984745950778        3.43074088167435
O           -0.62277821849081        0.44175421684431        4.65954683604919
101
 energy: -140.804519729240 gnorm: 0.045872199674 xtb: 6.5.0 (unknown)
C           -3.34405538395272       -4.28836111105924        1.25844115236036
C           -3.82557887338887       -3.14991728722513        0.36810804556832
H           -3.90890900603326       -5.19584084554752        1.04851134898449
H           -2.28766807711331       -4.48542131765804        1.08693700670772
H           -3.48064800205541       -4.02021168963849        2.30265009671287
C           -3.14013782548725       -1.81038961512031        0.68367316681310
H           -3.65759234442821       -3.40884258825891       -0.68104413250175
H           -4.90124498603279       -3.02693179678352        0.50983241264130
C           -3.81991014366334       -0.70242310389330       -0.13096570396665
H           -3.27452167164400       -1.57578249617303        1.74380559297110
H           -3.51063100394130       -0.75843888005946       -1.17750132987861
H           -4.89794099002646       -0.87792878086765       -0.09655653556319
C           -3.56204046091983        0.70348733805078        0.42491703736108
C           -4.59978513979067        1.66779210062436       -0.17417471231474
H           -3.69234767334021        0.66115263960596        1.50966518029263
H           -4.44487234606426        1.74254084763935       -1.25442244773702
H           -5.59430994304683        1.24707659956460       -0.01151596042890
C           -4.55212337769983        3.05840415481100        0.44496994363733
H           -5.35381072392221        3.67778288524972        0.04433110745269
H           -4.67131876011339        2.99004803295043        1.52243595522219
H           -3.59970359611370        3.54114829391544        0.23626214714440
C           -2.16202963609601        1.18032227329350        0.17360700629919
C           -1.36003443906769        1.54670436750254        1.26120739030013
C           -1.62674739699712        1.30360341485207       -1.10947565779069
C           -0.07697973325702        1.99099399712108        1.07360745512224
H           -1.72706449359634        1.36748209799161        2.26562853201231
C           -0.33731298470209        1.73440113551480       -1.31052337700130
H           -2.22340629193136        1.03080291312296       -1.96977381426275
C            0.48737026176909        2.07099682300978       -0.21684093383151
H            0.52419273471550        2.23435061851799        1.93746992867475
H            0.06872043314375        1.78019212907524       -2.31517804310769
C           -1.66149626188166       -1.86993561421039        0.43623502261818
C           -0.78474850051955       -1.70010505337581        1.51366224677215
C           -1.11426722012412       -2.09836436817122       -0.82745959264356
C            0.57326895361782       -1.70496112736473        1.32807655677045
H           -1.20332854645909       -1.45081867284123        2.48193257438789
C            0.24558502852188       -2.09309562224740       -1.02878198008490
H           -1.76546464260465       -2.25249234856787       -1.67737537139276
C            1.13125977438548       -1.86310747836514        0.04289960674773
H            1.22070785409938       -1.53149789722677        2.17535386490703
H            0.64425068689638       -2.22480362711958       -2.02867517272536
C            2.55188222812252       -1.64805282741325       -0.18066109643609
H            2.76907610161144       -1.27729801305555       -1.18345870701213
H            2.99016235700372       -0.99851043379836        0.57605288594342
C            1.89377855801672        2.36979723831345       -0.39173623532554
H            2.48000600735649        2.13632565980888        0.49572735824578
H            2.32614165576388        1.91183165662664       -1.28234287698049
C            4.87812204926901       -2.57368720241821       -0.34846756695063
H            5.55406128088586       -3.42860053599436       -0.30793321372990
H            4.95624742071134       -2.11585552843922       -1.33481844193319
H            5.19990845732395       -1.84310951503383        0.39326876818542
C            3.05918637799383       -3.94643769622873       -1.09092223112903
H            2.02966429042329       -4.23767639302655       -0.88112267293108
H            3.09521282525096       -3.49748217934845       -2.08272458091414
H            3.69924865066042       -4.83090123027404       -1.07952678172783
C            3.38599474563696       -3.56256544935762        1.24638174912584
H            3.66315953053819       -2.82848749135174        2.00073890729962
H            2.35266078855822       -3.85947503137379        1.42615425500637
H            4.03987269084944       -4.43199584023054        1.34053337389743
C            3.71477605594671        4.08951319312675       -0.74640031027281
H            4.01454455241887        5.13038436706875       -0.87791840432966
H            4.19722926889009        3.70024271527458        0.14992438518704
H            4.07091527054801        3.51601766021512       -1.60270355532919
C            1.61489654798845        4.43529365782391       -1.84897631806219
H            1.92887412110721        3.82363123684250       -2.69387396250186
H            0.53464224554943        4.34217416012726       -1.73751823118384
H            1.87100369645897        5.47639557620513       -2.05625978592889
C            1.78437406160124        4.74193113359536        0.51635961272957
H            0.70219235400805        4.63443704702948        0.59524508810689
H            2.22856152881136        4.36441060738039        1.43548417384078
H            2.04180903550101        5.79706180144738        0.40184649585428
N            3.50194854260539       -2.97896629956798       -0.08961549683625
N            2.26802819740947        3.97183989814707       -0.62801694515758
O           13.03137820654033       -1.90347490376542       -7.32995777856886
H           13.65426984219787       -1.41932113801898       -7.87999724335889
H           12.54984798299238       -2.50214524511962       -7.90838801223828
O           -7.66608058130995      -10.54095443241154       -0.81346837380018
H           -7.85578906033538      -10.78062818571231        0.10095450312544
H           -8.21223354163199      -11.09903023079967       -1.37372575160222
O           -6.15552956182627       -9.48659212416944        3.78589812455832
H           -6.30627185392066       -8.76715986736238        3.18226014111122
H           -6.60639118471368       -9.29095266613959        4.59914276028137
O           10.22418897665110       -2.70669312695676        3.77503329803252
H           10.73912042412636       -1.98036576873488        4.11512463698896
H            9.57107625417763       -2.93251184680814        4.42992684774507
O           -0.41676628017468        6.58928323866707       -5.80284223389282
H           -0.99079566400186        7.25878206476132       -6.18758238556192
H           -0.89685296493886        5.75708634434513       -5.83721851302367
O            5.04591980626215      -10.35980716190281        2.94645792277483
H            4.55717423849782      -11.18332405730090        3.04143410032352
H            5.25212370683372      -10.24892662035333        2.01518543605482
O           -1.74273171164515       -7.40639580081214        3.13938733002026
H           -2.44943697706300       -6.79288317301692        3.35191657977638
H           -1.03111149478412       -6.88611382987333        2.76218462069886
O           -8.68032578337182       -2.74061762474709       -6.10258441290785
H           -8.46092964331106       -3.41861559516815       -6.74932301114771
H           -9.63164054876345       -2.60285831558065       -6.14820750993060
C           -1.82014508278906       -0.03149161469287        4.62593652516761
O           -2.45099505295871       -0.34584012707371        5.65206420295443
O           -2.35184455332343       -0.15610784716384        3.43783563117341
O           -0.63358984765114        0.45857974419690        4.64161631294871
101
 energy: -140.810984348102 gnorm: 0.051489595609 xtb: 6.5.0 (unknown)
C           -3.31361801271898       -4.27355643095772        1.26622629639671
C           -3.81066101632471       -3.15000663451702        0.36938723347363
H           -3.86448665300591       -5.19192596656723        1.06522144950902
H           -2.25381886363516       -4.45660635813279        1.09527433369783
H           -3.45229784403366       -3.99840533284341        2.30961472967983
C           -3.13657395760082       -1.80529612072357        0.67547501622489
H           -3.64609819528203       -3.41046311280617       -0.67987510727939
H           -4.88702022973999       -3.03313285973840        0.51424972805657
C           -3.81651552393423       -0.70488117467351       -0.14622433309067
H           -3.27796308901967       -1.56606881125237        1.73369771256170
H           -3.49561990561186       -0.75735184876524       -1.18952329182009
H           -4.89480846553900       -0.88419310813823       -0.12939324493239
C           -3.55923464457936        0.69527681812295        0.41923299886142
C           -4.58869355122186        1.66865123923540       -0.17274272073611
H           -3.69323652732597        0.64591387725575        1.50369145101704
H           -4.43595852187244        1.74275287400131       -1.25331760090673
H           -5.58627734350216        1.25419265653920       -0.00943057549336
C           -4.52251756672740        3.05241872823570        0.45437329471769
H           -5.31402490285676        3.68763568551266        0.05780407503983
H           -4.64245473418196        2.97751519211583        1.53262833073434
H           -3.56172303288698        3.52190390254725        0.24945440362180
C           -2.15420834254316        1.16153594062080        0.16944138157301
C           -1.34723502169312        1.49778212167259        1.26213782274431
C           -1.63004069756750        1.29726902398253       -1.11712617950736
C           -0.05981317666429        1.93491910008182        1.07557012377968
H           -1.71648618829733        1.30960985542253        2.26282156458107
C           -0.33268197567192        1.71216340682063       -1.31396901779452
H           -2.23488422474342        1.04351126850803       -1.97899414106005
C            0.49925665914257        2.01262760581120       -0.21613636204934
H            0.54577592969663        2.17521371679198        1.93880203989226
H            0.06956925226850        1.77262203570317       -2.31960583201489
C           -1.65673484814655       -1.85281388034728        0.42752889857270
C           -0.78481539283205       -1.65642117177968        1.50383925156883
C           -1.11418354038200       -2.09464142377407       -0.83603401968085
C            0.57498055616669       -1.65468692884126        1.31763045613694
H           -1.20560487456986       -1.40720790673686        2.46871816043450
C            0.24748179945546       -2.07260880725465       -1.03737364856421
H           -1.76595981032909       -2.26642974633861       -1.68349528402458
C            1.12706745530693       -1.81180840886144        0.03100384491702
H            1.22527608038825       -1.47667778037306        2.16269651493827
H            0.64758605520207       -2.21399133315163       -2.03522216339177
C            2.53978391244181       -1.59770725175346       -0.19068194894665
H            2.77537727180158       -1.25369241312239       -1.19570588739247
H            2.99352805766550       -0.96856401758293        0.56999719501091
C            1.89541949747864        2.30396741909937       -0.38776721340841
H            2.49004368427216        2.10531318652717        0.49951953521585
H            2.33829664686828        1.88379250204753       -1.28805972879861
C            4.88764779934372       -2.58623276237256       -0.34266369237210
H            5.55861224496149       -3.44747122328348       -0.29624475456874
H            4.96429498874052       -2.13731180122393       -1.33304028883476
H            5.20473630013486       -1.85815031209611        0.40308093382984
C            3.03767365632737       -3.94712103413073       -1.08806451639667
H            1.99544460919000       -4.19946481085942       -0.88453075478463
H            3.10519317154171       -3.50554850399650       -2.08254644134513
H            3.64432608820192       -4.85710129333089       -1.05892829279049
C            3.36026231749963       -3.55541829195206        1.25736026950204
H            3.66578321494787       -2.82481828876731        2.00504765214415
H            2.31411917361730       -3.81356002770479        1.43037853590742
H            3.97833914158701       -4.45260213963360        1.35920047153366
C            3.71699367411896        4.10654249954573       -0.74612400785301
H            4.01469258066349        5.14941383769746       -0.88643694539905
H            4.19052327794578        3.72688818804439        0.15976366189733
H            4.06541704111362        3.52676256861376       -1.59962087286300
C            1.59308052996683        4.43367743617580       -1.84681936004357
H            1.93080845908279        3.83885597990950       -2.69511958443362
H            0.51642509656412        4.29922225630885       -1.72846288134450
H            1.80551848632700        5.48871373813704       -2.04580671451161
C            1.76428942723531        4.73102670290947        0.52839822636386
H            0.68630757155872        4.58084259743359        0.61227170351986
H            2.23630764619878        4.36359266933668        1.43869329531060
H            1.97599700719996        5.79918171256711        0.41723823707474
N            3.50121430287767       -2.98897260974209       -0.08532159942977
N            2.26339557465617        3.98864978773358       -0.62765387353340
O           13.01070409566543       -1.89021963185085       -7.33504230042222
H           13.65766246588517       -1.42558318826593       -7.87307959534127
H           12.55866418267675       -2.50913021378368       -7.91616816984891
O           -7.67761717059272      -10.52630495539158       -0.81678172618760
H           -7.82629986972441      -10.77126963791870        0.10000127696765
H           -8.21547689026777      -11.11464570935698       -1.35601781774522
O           -6.23982994730478       -9.55037344933026        3.75262527548134
H           -6.26202322512481       -8.75588736757488        3.18639215766411
H           -6.58412699940834       -9.24778877819129        4.61475750516581
O           10.17231997491421       -2.66982108584463        3.74524883123064
H           10.75335104164499       -2.00037503027223        4.11593513087652
H            9.58581875453104       -2.94768827358926        4.45435822658843
O           -0.41760976395256        6.57107664834709       -5.77737998050025
H           -0.96230770978969        7.25696250314817       -6.16957035976293
H           -0.91456137955975        5.75073347127125       -5.84022511428594
O            5.04879508222057      -10.34529515173277        2.93213893286060
H            4.55655921464453      -11.15994147777748        3.06649245390341
H            5.25071901578819      -10.28289737533401        1.99181782161424
O           -1.74265256079370       -7.38903327092109        3.11251674013262
H           -2.45612150251573       -6.80418904428375        3.36560952667084
H           -1.03817888209891       -6.83308233970788        2.77581307169494
O           -8.67434220469149       -2.72319465526437       -6.12110171107335
H           -8.46990188271449       -3.42855786071119       -6.74341801506266
H           -9.62922951586791       -2.60771214994637       -6.13721213075925
C           -1.80503510137615       -0.03926637926275        4.60070335438202
O           -2.42169129832349       -0.33047840490706        5.64634477224104
O           -2.39690918315236       -0.15963918728660        3.45720880402158
O           -0.65412950924637        0.47927316391736        4.61436409080829
101
 energy: -140.814393775431 gnorm: 0.086567710972 xtb: 6.5.0 (unknown)
C           -3.28810175143136       -4.26541383122139        1.27309494524712
C           -3.79956981734405       -3.15542098186266        0.36986820032206
H           -3.82633862789924       -5.19310431206953        1.08068773500322
H           -2.22595759358403       -4.43673975560252        1.10320437194078
H           -3.42897218774566       -3.98487816357054        2.31540478505800
C           -3.13695233833393       -1.80454397958875        0.66816474131510
H           -3.63892913437600       -3.42000202769217       -0.67899346508967
H           -4.87669763842089       -3.04579657851500        0.51818882088849
C           -3.81552798341232       -0.70735115260080       -0.15868515024404
H           -3.28599050862978       -1.56363328891634        1.72502814958521
H           -3.48672879880497       -0.75722453090298       -1.19945269387250
H           -4.89382859004393       -0.88970269686801       -0.15466286545768
C           -3.56131183913573        0.69054538814028        0.41264516807690
C           -4.58282805974878        1.67336298573140       -0.17370149384237
H           -3.70104310524932        0.63764445950685        1.49644618048060
H           -4.43432250956246        1.74936364869540       -1.25472364134578
H           -5.58377386728098        1.26616021389715       -0.00893005791556
C           -4.49916690121822        3.05105697228579        0.46140631649928
H           -5.28124554737856        3.70069824357478        0.06978297177071
H           -4.62003501729378        2.97115565294216        1.53984192497222
H           -3.53204644649302        3.50935407817303        0.26021877210715
C           -2.15051506125375        1.14790027512929        0.16645952157820
C           -1.33990659140638        1.46014360306624        1.26161546243308
C           -1.63455466273508        1.29211382175459       -1.12206089943638
C           -0.04554407565516        1.88036491534828        1.07798128863404
H           -1.71589760459888        1.27879945725631        2.25740394671372
C           -0.32877015128137        1.68639930485231       -1.31495486783495
H           -2.24786389512564        1.06100227587744       -1.98492218600986
C            0.51177317549083        1.94701255608250       -0.21375984268510
H            0.56545890118064        2.11250190381425        1.94011355744959
H            0.07163569103709        1.75646358460425       -2.31980055567667
C           -1.65479727503599       -1.84102926317928        0.42226106221675
C           -0.78719565634532       -1.62330152876922        1.49623879916676
C           -1.11569152001641       -2.09178220429579       -0.84051849480830
C            0.57390328151923       -1.60637321534321        1.30874766478083
H           -1.20983850664940       -1.38068111913424        2.45962943531015
C            0.24705206600697       -2.05091127822746       -1.04270162969017
H           -1.76713856851138       -2.28236240247787       -1.68433367274933
C            1.12022606885795       -1.75855590592258        0.02104817343399
H            1.22619185291313       -1.41757865007562        2.15005780954503
H            0.64842303444365       -2.19701062088693       -2.03829816309372
C            2.52189652824383       -1.54087498421372       -0.20066000884452
H            2.78051664804030       -1.23061862592053       -1.20774328086233
H            2.99776080418959       -0.93886966198603        0.56428394558501
C            1.89511957923441        2.22035716527752       -0.38253083380874
H            2.50345431619102        2.07033430524287        0.50246108803785
H            2.35110854346638        1.85301300087321       -1.29647928777507
C            4.89538097893178       -2.60050701944975       -0.33715883676778
H            5.56265509469541       -3.46551315326662       -0.28604371098921
H            4.96923564379592       -2.15831419196764       -1.32967971846346
H            5.20671415907129       -1.87401871383600        0.41100548943859
C            3.02537331868447       -3.95165051757215       -1.08601207246445
H            1.97562276575949       -4.17188835110731       -0.89129120771385
H            3.11828247878590       -3.51521615707828       -2.08023040044100
H            3.60228091262766       -4.87972986180564       -1.04521566900110
C            3.34440354645640       -3.55302315691574        1.26656860716410
H            3.67252915575468       -2.82463452930434        2.00631097648881
H            2.29130115931116       -3.77752122134088        1.43607803900848
H            3.93122697276536       -4.46946455906559        1.37735846936561
C            3.71879638512113        4.12765978538960       -0.74719305092997
H            4.01852822417792        5.17016084962823       -0.89480139510013
H            4.18220573993816        3.75363961176177        0.16570304649922
H            4.05828654490664        3.54002087410847       -1.59690937937108
C            1.57990785376847        4.44086184199599       -1.84697677655067
H            1.93760093495835        3.85755538476920       -2.69398194868492
H            0.50952593060427        4.27084325020883       -1.72588031674049
H            1.75444551228073        5.50329672522701       -2.04341757872029
C            1.75208336358672        4.73035216433029        0.53686785334077
H            0.68146588325468        4.54385600852694        0.62620087870958
H            2.24649181614206        4.36853874764657        1.43732135080527
H            1.92431935984065        5.80673062679910        0.43471702410665
N            3.50515461802075       -3.00583340005857       -0.08082724687976
N            2.26262341065460        4.01845590328565       -0.62978614626951
O           13.00456258347269       -1.89041253168818       -7.34211783498396
H           13.65505314373122       -1.42738506707475       -7.86605354158310
H           12.56091499082268       -2.50835411848561       -7.91976028874821
O           -7.68424053221185      -10.52201087028386       -0.81736005115690
H           -7.80000069034394      -10.76203212991058        0.09766065582752
H           -8.22175782823144      -11.11966116264632       -1.33919676906875
O           -6.22808484807793       -9.51269483158700        3.76943388620216
H           -6.27393241837715       -8.78264572852099        3.16978070830088
H           -6.60053634549633       -9.26705813034731        4.60093571635657
O           10.09990274856273       -2.61341831854561        3.69416318953712
H           10.78098983519907       -2.02842452020370        4.12672163416768
H            9.61056770825415       -2.97477794540938        4.49134843248550
O           -0.41848666910471        6.55483256862288       -5.76030441955150
H           -0.93722964129023        7.25357602795879       -6.15474237478044
H           -0.92878329307492        5.74806388847314       -5.83863965666339
O            5.05172088013408      -10.33786860137205        2.92214494968596
H            4.55765742402148      -11.14018233206914        3.07838199098589
H            5.24649847197051      -10.30598960827827        1.98023470364243
O           -1.75157503578460       -7.38574976591256        3.05273248458174
H           -2.45730985965671       -6.81797122032978        3.40386582339360
H           -1.04100005055506       -6.77083748439331        2.79787112586066
O           -8.67708267704826       -2.72699249973106       -6.12694748364593
H           -8.47339998719364       -3.42574774991458       -6.74273590411307
H           -9.62253159181216       -2.60463311443364       -6.13372869546524
C           -1.79863781233196       -0.02580435766574        4.57518407928105
O           -2.37839749208372       -0.32021970146503        5.65560351117682
O           -2.45688065150618       -0.18384792253038        3.48835707806521
O           -0.66473598818700        0.48432060570506        4.57580802339909
101
 energy: -140.818540830241 gnorm: 0.093963234011 xtb: 6.5.0 (unknown)
C           -3.27523299305366       -4.26548125937161        1.27662486241053
C           -3.79579722953079       -3.16361388784970        0.36872610455367
H           -3.80632967148734       -5.19713822066165        1.08982868728545
H           -2.21322562075377       -4.43150863026749        1.10794339085498
H           -3.41794961880247       -3.98322127443963        2.31754186386389
C           -3.14061600682918       -1.80789820820015        0.66405100785686
H           -3.63822715098615       -3.43441809989342       -0.67905500437401
H           -4.87336174998458       -3.05980959965852        0.52021589202772
C           -3.81686526408961       -0.70942992340503       -0.16564742727920
H           -3.29534169718796       -1.56894488793309        1.72071527831955
H           -3.48651033511039       -0.75812804125660       -1.20522102938245
H           -4.89460841296849       -0.89278789682085       -0.16339131714356
C           -3.56735848874935        0.68978182594192        0.40788148143821
C           -4.58375377217761        1.67922723245831       -0.17660943101526
H           -3.71337102303178        0.63811626199872        1.49077943895101
H           -4.44031874936338        1.76022609514907       -1.25792358530249
H           -5.58716537448116        1.27803258667261       -0.00962432092440
C           -4.48880121526162        3.05359737506907        0.46455084056388
H           -5.26509164522557        3.71096721093518        0.07745749787702
H           -4.61096779925436        2.97219635736998        1.54201174979308
H           -3.52025735975383        3.50654908272041        0.26596534860333
C           -2.15193151108584        1.14282313897336        0.16683858545900
C           -1.34082357329675        1.44584784034161        1.25962511030829
C           -1.63860263382796        1.29010379940943       -1.12123432082596
C           -0.04019564013721        1.84521772285333        1.08062101368733
H           -1.72556554101156        1.28538201265757        2.25128347078241
C           -0.32795972111871        1.66574297515168       -1.31238952002339
H           -2.25750682284779        1.07868338411624       -1.98331779443332
C            0.52066775366604        1.89142766125939       -0.20987156787504
H            0.57594242999656        2.06619443801897        1.94044682272541
H            0.07382772572648        1.73850140285512       -2.31388715967348
C           -1.65578794788854       -1.83795247000983        0.42224763572903
C           -0.79061071741463       -1.61285210389299        1.49211559175222
C           -1.11754194064418       -2.09004331141629       -0.83891569417977
C            0.57042155741395       -1.57637817458366        1.30344635089769
H           -1.21379160752318       -1.38220661408691        2.45716383276981
C            0.24442187648760       -2.03511087880134       -1.04293390996730
H           -1.76733628845020       -2.29468754717548       -1.67805930290100
C            1.11240114285555       -1.71921205325543        0.01539932260587
H            1.22331449818643       -1.37447435862526        2.14018099832707
H            0.64689800183477       -2.17982633554057       -2.03611985719299
C            2.49765266637943       -1.48325014883379       -0.20925853226663
H            2.78289120047668       -1.21332956387427       -1.21739876286101
H            3.00195976711749       -0.91637895355831        0.56085669198185
C            1.89099821231209        2.12097467954986       -0.37474359248011
H            2.51752980622978        2.03782961051471        0.50567607386380
H            2.36120623149387        1.82483797027405       -1.30654579011632
C            4.89758502535685       -2.61449937588177       -0.33327854934959
H            5.56591488719553       -3.47660781009902       -0.28101693323266
H            4.96862506082704       -2.17252395623762       -1.32395989508095
H            5.20401325821391       -1.88669760032172        0.41304980489104
C            3.02725948731199       -3.96001605017233       -1.08455252247840
H            1.97852700837817       -4.16182257623667       -0.89960164556370
H            3.12998615916312       -3.52437549017412       -2.07406129659577
H            3.58365585260153       -4.89249107409451       -1.04514125939341
C            3.34426829562891       -3.55821236552332        1.26973041255151
H            3.68036242141372       -2.83000216457878        2.00195426721267
H            2.29337740556006       -3.76121980175783        1.43966824112897
H            3.91157916121836       -4.47734744963896        1.39171122828033
C            3.71765902165229        4.14973689249787       -0.74899267760942
H            4.02801962081919        5.18709904646380       -0.90000936209591
H            4.17267000622144        3.77245020232014        0.16420620319433
H            4.04989553951267        3.55231200634018       -1.59342890959296
C            1.57945686055694        4.45836256133354       -1.84846004038051
H            1.94594634389921        3.87543370295319       -2.68748650719332
H            0.51858631416042        4.26579198420669       -1.72919054563740
H            1.73020305034240        5.51633625393956       -2.05366986011296
C            1.75160389002709        4.74383229847797        0.53827573749712
H            0.69188685672660        4.53456302658875        0.63177894122467
H            2.25437012003175        4.37880406311776        1.42947293431229
H            1.90023815479126        5.81935523746439        0.45393155936122
N            3.51758969400689       -3.03140895596244       -0.07721400148278
N            2.26863935899253        4.06632375523136       -0.63516569875239
O           12.99759807185812       -1.88727086178767       -7.35050248431483
H           13.65528272763861       -1.43010060218506       -7.85887657742765
H           12.56457437347583       -2.50821168843265       -7.92020887079711
O           -7.69780086474404      -10.51630139126383       -0.81919885929116
H           -7.77330679157333      -10.76063396613269        0.09422790457783
H           -8.22724952653976      -11.12184338567943       -1.32668057520545
O           -6.25356788959950       -9.51204906464842        3.76501469432994
H           -6.26294006337641       -8.79045991005655        3.16313239698014
H           -6.59475999335321       -9.26521786722352        4.60247101875322
O           10.17805224361160       -2.68136069556679        3.78810735528728
H           10.73906006464378       -1.99406443785192        4.08510236514433
H            9.56378543138818       -2.94116994735718        4.43653719913355
O           -0.42241510436339        6.54523965106885       -5.74894510467292
H           -0.91880801526132        7.25143184785601       -6.14891530094225
H           -0.93783884635636        5.75001658529288       -5.83833433675694
O            5.05576974025631      -10.33693426898514        2.91439659546154
H            4.56037032113756      -11.12495415255825        3.08084735067455
H            5.23948313268905      -10.31979984331606        1.97935360452870
O           -1.74700695387287       -7.36718785042330        3.05012340262247
H           -2.45892767394342       -6.82216031656423        3.40917940192911
H           -1.05087521020553       -6.75915381145207        2.79469101669497
O           -8.67914148977139       -2.72468869888871       -6.13943897860601
H           -8.47612181018033       -3.42589557065243       -6.73824205189678
H           -9.61705438485358       -2.60500614059561       -6.12663325172595
C           -1.80621432387007        0.02053149735635        4.55105930436859
O           -2.33422490551431       -0.32540875150166        5.67167673632842
O           -2.51403742003206       -0.22250262148577        3.52557499809401
O           -0.65778664405559        0.47051905312505        4.54362339682428
101
 energy: -140.820096023605 gnorm: 0.093746636188 xtb: 6.5.0 (unknown)
C           -3.26800393572095       -4.26511503912919        1.27820615320315
C           -3.79439366236299       -3.16501484537827        0.36758543181024
H           -3.79641221335962       -5.19810279721047        1.09199402770152
H           -2.20531380033707       -4.42643147053141        1.10858471332257
H           -3.41112766677861       -3.98063918670106        2.31772790622336
C           -3.14237370105420       -1.80693491499475        0.66226096590542
H           -3.63249799011011       -3.43811061027838       -0.67856184339667
H           -4.87142378821982       -3.06510999600585        0.51913287736159
C           -3.82136940802731       -0.71153109512967       -0.16932906199588
H           -3.29422842360169       -1.56738246231701        1.71880480042397
H           -3.48674032527361       -0.75956159531202       -1.20807249396446
H           -4.89816804812933       -0.89444626294906       -0.16306007870077
C           -3.56998971925961        0.68652050655814        0.40655280614628
C           -4.58433123213909        1.67933860755717       -0.17792659914932
H           -3.71401880081612        0.63443253046935        1.48928405442219
H           -4.43820921349746        1.76398766467651       -1.25826628795963
H           -5.58815879583961        1.28166713203443       -0.01112434610300
C           -4.48327119302437        3.05443422177543        0.46617965276833
H           -5.25775368051260        3.71404859945046        0.07948516422707
H           -4.60547393839329        2.97120413593841        1.54272261176641
H           -3.51243234784125        3.50317169342133        0.26790810683803
C           -2.15736624825261        1.13812550694918        0.16661593589412
C           -1.34256945657693        1.43968149596761        1.25865730286601
C           -1.63639365247533        1.28427516942744       -1.11948483951409
C           -0.04038226683454        1.82723124535394        1.08136406340285
H           -1.72922561755630        1.28620541099022        2.25295982733387
C           -0.32669025822317        1.65045915276169       -1.31163296914912
H           -2.25889731153169        1.08425070987915       -1.98163834844734
C            0.52625450277505        1.88120338506402       -0.21048613264598
H            0.57524512944772        2.04113817339164        1.94186364810160
H            0.07484024242035        1.72771385706603       -2.31325137225467
C           -1.66003970070340       -1.83445592945025        0.42101020214167
C           -0.79235388349429       -1.60494178244058        1.48927219323540
C           -1.11621054676484       -2.08315622828734       -0.83921782687343
C            0.56591213753993       -1.56022068227106        1.30027221010035
H           -1.21730745976348       -1.38022109089281        2.45615349898670
C            0.24211943762923       -2.02264027228191       -1.04518213246502
H           -1.76566434878945       -2.29740682730034       -1.67639640235232
C            1.11552233891352       -1.70937798337847        0.01274155738003
H            1.21604267015791       -1.35454298767451        2.13711297673529
H            0.64540284704402       -2.17280981181462       -2.03790799611664
C            2.49877709662943       -1.47201702406453       -0.21212676514168
H            2.78580995963530       -1.20472994304380       -1.22098008638791
H            3.00574107009330       -0.90370823447261        0.55525072117104
C            1.89970267625913        2.10383200078671       -0.37569190173044
H            2.52572012252937        2.01911540035804        0.50033168415019
H            2.36520856414785        1.81299397371701       -1.30825005565446
C            4.89079245978851       -2.62734258111208       -0.32904749615306
H            5.56545082263138       -3.48413943917960       -0.27740514127147
H            4.97193376113382       -2.17936481255612       -1.31769207703403
H            5.20488712566118       -1.89365668428861        0.41040603476825
C            3.02804753821702       -3.95686737261204       -1.07664810250538
H            1.97134302531159       -4.14905989754632       -0.89716875003778
H            3.13674127896583       -3.52638498514137       -2.06995513448839
H            3.57573018007799       -4.90052295807098       -1.03883329574104
C            3.34138758123123       -3.55576581777291        1.26345968330985
H            3.68241925883880       -2.83081852362556        1.99852589019857
H            2.28365909064471       -3.74674845600605        1.43728228876423
H            3.90170111800830       -4.48370934756614        1.39528094689376
C            3.70745483402856        4.16261391807235       -0.74860020315097
H            4.02825616496808        5.19715789650580       -0.90079250947658
H            4.17329708424459        3.78312302101458        0.15864812811847
H            4.05155607327081        3.56293015923325       -1.58975265188327
C            1.58088611123492        4.46050781955744       -1.83952529764721
H            1.95088555476316        3.88426354907867       -2.68479751551280
H            0.51782831466185        4.25561700137288       -1.72202569299674
H            1.71779109103971        5.52468915102015       -2.05279589670829
C            1.75189218742958        4.74091811429233        0.53263903638022
H            0.69021149393482        4.51884014921369        0.63163795959154
H            2.25686472933336        4.38109908612172        1.42572156290276
H            1.88819659033397        5.82454682350781        0.45815570854995
N            3.51918738080944       -3.02615164610038       -0.07733997000836
N            2.27266546032230        4.06235429798178       -0.63429718248306
O           12.94819025651004       -1.84291351204738       -7.34663694601650
H           13.68245855509453       -1.44448300200227       -7.85039012417348
H           12.58642368758734       -2.53591124888105       -7.93140384815330
O           -7.73938123908334      -10.46401510315189       -0.83992585739403
H           -7.71557262870436      -10.77471781675983        0.10586440681725
H           -8.23701698573731      -11.15673376277272       -1.31462057868758
O           -6.31204235566473       -9.56810426051980        3.73637081134523
H           -6.23187860278097       -8.77780063503574        3.16830924994682
H           -6.57316775888624       -9.22707145639964        4.61699984803934
O           10.15018727516686       -2.66368650569393        3.76603374637419
H           10.74866028682879       -2.00338650202106        4.08436221007509
H            9.57477353294721       -2.94926845419979        4.45924300528535
O           -0.42638986814369        6.53643057657715       -5.71168823019961
H           -0.89036178113214        7.26388217450638       -6.15710715075831
H           -0.95874975647680        5.74154834321690       -5.85656653571636
O            5.06781332069936      -10.32121964762440        2.89769222874486
H            4.55075615858687      -11.11030601875094        3.12454476117695
H            5.23695566661728      -10.34854191744428        1.94840355390421
O           -1.74022772698340       -7.34638340018747        3.08165969805484
H           -2.46699360947256       -6.81899791867555        3.38004669872338
H           -1.05426525016595       -6.76677864292045        2.79138531768473
O           -8.64983231816676       -2.65412977356061       -6.19121473750100
H           -8.49025554953642       -3.47108316516703       -6.72184207043540
H           -9.63037974315730       -2.62925075549897       -6.09337515321073
C           -1.80651712583456        0.01101552034068        4.55697658442906
O           -2.30767956600641       -0.31946757883686        5.70209991667494
O           -2.56151758763025       -0.23224090835582        3.53473531628408
O           -0.64141696044556        0.47178277744480        4.49925500305611
101
 energy: -140.823229007687 gnorm: 0.070683599768 xtb: 6.5.0 (unknown)
C           -3.26146486358441       -4.26711019978232        1.28061919361919
C           -3.79356866692207       -3.16977124576572        0.36726799384344
H           -3.78688100114191       -5.20291415866147        1.09579781707974
H           -2.19743282476633       -4.42460693009700        1.11017344450473
H           -3.40449903035731       -3.98091256880484        2.31995403330085
C           -3.14584841070575       -1.80836803180114        0.66105714602592
H           -3.62869976729920       -3.44522083331724       -0.67765046991884
H           -4.87078346203504       -3.07542820773950        0.51870118426150
C           -3.82801109087740       -0.71368670226007       -0.17125681892929
H           -3.29968929057953       -1.57000567876454        1.71745737859586
H           -3.49216111721484       -0.76177450942032       -1.21025246345895
H           -4.90464725441029       -0.89675498807321       -0.16240846023897
C           -3.57516805817318        0.68546564363642        0.40490331859210
C           -4.58718289490759        1.68243334905871       -0.17952331226840
H           -3.72182795884311        0.63276203505014        1.48735658240366
H           -4.43964933968530        1.77005066495337       -1.25929620404619
H           -5.59249101767226        1.28937295285626       -0.01336183542964
C           -4.47962119070150        3.05734913448585        0.46753520847501
H           -5.25220282331443        3.72076871439919        0.08142757185713
H           -4.60140776834580        2.97279841336035        1.54430427440973
H           -3.50597302373385        3.50250171571160        0.26905491232451
C           -2.16365999244160        1.13581077817219        0.16694749362836
C           -1.34524707482145        1.43437448347677        1.25973356185327
C           -1.63643626511557        1.27897716806447       -1.11884388435902
C           -0.03737248652714        1.80514768791039        1.08332094843091
H           -1.73480250550100        1.29719569538475        2.25722800549971
C           -0.32344537168305        1.63110846995221       -1.31041029875963
H           -2.26275760992902        1.09079547998745       -1.98199139548258
C            0.53236983121595        1.86433049495396       -0.20977773423749
H            0.57810291868665        2.01193542694717        1.94569114340468
H            0.07687106625085        1.71106703053561       -2.31344229338887
C           -1.66430290674199       -1.83308322669404        0.42132049553177
C           -0.79473327370092       -1.59876154398126        1.48919621176305
C           -1.11685131525234       -2.07815658638681       -0.83980824842079
C            0.56267050638953       -1.54094586988407        1.29805487942159
H           -1.21729908161734       -1.38704114646776        2.46014093753691
C            0.23986370403399       -2.00784256279853       -1.04760106383405
H           -1.76626571653159       -2.30186851065155       -1.67595566100477
C            1.11650261947674       -1.69383075651199        0.01040005998356
H            1.21002968906804       -1.32827494660992        2.13535040762688
H            0.64268045228205       -2.16155226300226       -2.04106470903699
C            2.50734410764589       -1.46534867861070       -0.21533275126769
H            2.78719802162795       -1.19523251025711       -1.22507903226340
H            3.00956177362395       -0.88952897385497        0.54864523874150
C            1.91471880193440        2.09814333551985       -0.37957819855017
H            2.53607663898718        1.99895185324572        0.49276069336512
H            2.36845155084415        1.80067988707118       -1.31081701945944
C            4.89338455941744       -2.63606205785019       -0.32718113420720
H            5.56877611338303       -3.49346490299651       -0.27431335173088
H            4.97890183652909       -2.18774223294714       -1.31644487297710
H            5.21054087248975       -1.90061694426371        0.41074230135379
C            3.02653722978632       -3.95538650286397       -1.07402564689319
H            1.96381486182690       -4.14403897104506       -0.89802849246130
H            3.14390002966371       -3.52855573516526       -2.07109277751849
H            3.57084130836785       -4.90791400845960       -1.03304306004114
C            3.33792712028205       -3.55250808196763        1.26283591313539
H            3.68693125652009       -2.82927927784960        1.99888065394410
H            2.27497568295534       -3.73815289985423        1.44004662708051
H            3.89448590518775       -4.48920418653582        1.39807093643959
C            3.70749713212499        4.17476471647565       -0.75019441822804
H            4.03059507960889        5.21021353100445       -0.90344229980747
H            4.17894927202301        3.79649810278244        0.15568662569731
H            4.05569366680580        3.57641533770362       -1.59200898995755
C            1.58049398650894        4.46131754215699       -1.83718361398759
H            1.95709862097494        3.89209437235427       -2.68815363253632
H            0.51430331170608        4.25162551502979       -1.72180539323724
H            1.70953867171322        5.53276485579140       -2.05173593466502
C            1.75104743119632        4.73807754986239        0.53174389527751
H            0.68635558483382        4.51146909244077        0.63418353882683
H            2.26212988817806        4.38427819929208        1.42604127054340
H            1.87972813647671        5.82903785227690        0.45982718115934
N            3.51478678413332       -3.01659875357429       -0.07776137927351
N            2.27185913062064        4.04869269079631       -0.63234270504183
O           12.98605554127368       -1.88106919161582       -7.34828458723531
H           13.66242285320825       -1.42527827749003       -7.85308999529458
H           12.56573007564022       -2.51749846137896       -7.92966598266172
O           -7.66886066847306      -10.54763114642286       -0.81696934318736
H           -7.78074698605284      -10.72767402860901        0.10177574590944
H           -8.23613873422567      -11.11609004085302       -1.32306345423352
O           -6.32172797489100       -9.58276894391770        3.72938920228115
H           -6.22643299229436       -8.77398512289676        3.17075125387642
H           -6.57416148028082       -9.22058517332868        4.61514384907014
O           10.12566125847061       -2.65101958657104        3.73886791482547
H           10.75875056541647       -2.01079302808731        4.08519123728234
H            9.58323069152075       -2.95339259448444        4.48251153463055
O           -0.42015380819042        6.53278333664276       -5.72564397342801
H           -0.89553706015384        7.26211975095775       -6.14483268094388
H           -0.95728096383917        5.74065668129162       -5.84624601562392
O            5.06812812330434      -10.31633855530872        2.89549885724546
H            4.54898040721856      -11.10925959004778        3.12973589417879
H            5.23862010992964      -10.35168980385843        1.94261560348826
O           -1.74542408690623       -7.35305004824704        3.05389165575613
H           -2.47231011256893       -6.82847800858341        3.39126427708273
H           -1.04796733787923       -6.73270882965003        2.80904363791079
O           -8.68212521501715       -2.74537042619876       -6.12414127118434
H           -8.47066444496945       -3.42329589220904       -6.75162928912676
H           -9.61750425091896       -2.58630720447761       -6.12907662824189
C           -1.80411407874223       -0.01869694200061        4.56469214571957
O           -2.32431992792268       -0.30922371949172        5.69690475032304
O           -2.55111056058325       -0.22698184180256        3.53526956427116
O           -0.64500484542000        0.47462047276151        4.49558557506555
