101
 energy: -140.737593417312 gnorm: 0.174643000237 xtb: 6.5.0 (unknown)
C           -3.40191780821918       -4.34524657534247        1.25390410958904
C           -3.86391780821918       -3.19424657534247        0.36690410958904
H           -3.98791780821918       -5.24424657534247        1.03490410958904
H           -2.34891780821918       -4.58924657534247        1.08490410958904
H           -3.53691780821918       -4.10324657534247        2.31290410958904
C           -3.17391780821918       -1.84724657534247        0.69690410958904
H           -3.70891780821918       -3.46524657534247       -0.68409589041096
H           -4.94691780821918       -3.08524657534247        0.50390410958904
C           -3.85191780821918       -0.70124657534247       -0.10909589041096
H           -3.36091780821918       -1.64624657534247        1.76090410958904
H           -3.59591780821918       -0.76924657534247       -1.17309589041096
H           -4.93591780821918       -0.87424657534247       -0.05709589041096
C           -3.59991780821918        0.73875342465753        0.42590410958904
C           -4.64691780821918        1.70475342465753       -0.18409589041096
H           -3.78391780821918        0.71275342465753        1.50890410958904
H           -4.51191780821918        1.78875342465753       -1.26909589041096
H           -5.65091780821918        1.29175342465753       -0.02609589041096
C           -4.61991780821918        3.09875342465753        0.43190410958904
H           -5.43891780821918        3.70175342465753        0.02690410958904
H           -4.74191780821918        3.04975342465753        1.51890410958904
H           -3.68491780821918        3.62175342465753        0.21090410958904
C           -2.18691780821918        1.24875342465753        0.18490410958904
C           -1.39091780821918        1.63575342465753        1.27290410958904
C           -1.64291780821918        1.33675342465753       -1.10409589041096
C           -0.07091780821918        2.05075342465753        1.08190410958904
H           -1.78191780821918        1.57975342465753        2.28590410958904
C           -0.32191780821918        1.75175342465753       -1.29609589041096
H           -2.22991780821918        1.04575342465753       -1.97209589041096
C            0.48308219178082        2.10475342465753       -0.20509589041096
H            0.53808219178082        2.28975342465753        1.95190410958904
H            0.09008219178082        1.75275342465753       -2.30409589041096
C           -1.67191780821918       -1.93424657534247        0.47190410958904
C           -0.79591780821918       -1.77524657534247        1.55390410958904
C           -1.12991780821918       -2.13624657534247       -0.80509589041096
C            0.58708219178082       -1.74724657534247        1.35390410958904
H           -1.18391780821918       -1.61624657534247        2.55690410958904
C            0.25208219178082       -2.10924657534247       -1.00609589041096
H           -1.78091780821918       -2.26524657534247       -1.66709589041096
C            1.12508219178082       -1.89424657534247        0.06890410958904
H            1.23708219178082       -1.54624657534247        2.20290410958904
H            0.63908219178082       -2.19624657534247       -2.01909589041096
C            2.61308219178082       -1.71924657534247       -0.16809589041096
H            2.74708219178082       -1.30524657534247       -1.16909589041096
H            2.99308219178082       -1.03024657534247        0.58690410958904
C            1.94208219178082        2.47075342465753       -0.40409589041096
H            2.49708219178082        2.16475342465753        0.48590410958904
H            2.31308219178082        1.94275342465753       -1.28409589041096
C            4.92608219178082       -2.51824657534247       -0.37309589041096
H            5.57608219178082       -3.39824657534247       -0.33309589041096
H            4.96608219178082       -2.09224657534247       -1.37609589041096
H            5.22608219178082       -1.81924657534247        0.40790410958904
C            3.09008219178082       -3.98224657534247       -1.14909589041096
H            2.09408219178082       -4.37124657534247       -0.92209589041096
H            3.09708219178082       -3.48624657534247       -2.12509589041096
H            3.81108219178082       -4.80624657534247       -1.14309589041096
C            3.44208219178082       -3.59124657534247        1.28490410958904
H            3.69408219178082       -2.82124657534247        2.01990410958904
H            2.44108219178082       -3.98924657534247        1.47190410958904
H            4.16908219178082       -4.40824657534247        1.33290410958904
C            3.78208219178082        4.05975342465753       -0.75409589041096
H            4.04708219178082        5.11575342465753       -0.86909589041096
H            4.23308219178082        3.66975342465753        0.16090410958904
H            4.07508219178082        3.51775342465753       -1.65009589041096
C            1.64608219178082        4.45675342465753       -1.91509589041096
H            1.95508219178082        3.79375342465753       -2.72909589041096
H            0.55708219178082        4.46575342465753       -1.81809589041096
H            2.00108219178082        5.47475342465753       -2.10409589041096
C            1.81608219178082        4.79975342465753        0.54690410958904
H            0.72408219178082        4.80075342465753        0.60290410958904
H            2.25008219178082        4.38175342465753        1.45990410958904
H            2.16908219178082        5.82575342465753        0.39990410958904
N            3.48608219178082       -2.99424657534247       -0.09209589041096
N            2.24908219178082        3.97275342465753       -0.62509589041096
O           -4.87989867754166       -3.53325481068458        9.87486938413310
H           -4.75480427616711       -4.47999842363075       10.03917178518183
H           -4.00706670885433       -3.14869114186771       10.04585793159609
O            5.20659522675048       -0.46980308103044        4.51632827188610
H            5.81938551436373       -0.37692105740618        5.26119628032407
H            5.46017617094745       -1.31125978917146        4.10815029922631
O            0.21680372873830       -5.15517205585518       14.74538391165325
H           -0.09611019835256       -5.86787803311892       15.32253417034254
H            0.88828628992237       -5.58054554623894       14.19119034618680
O            9.08287746688141        3.75221357909847       -6.49543298149495
H            9.11781069375477        3.62407899339016       -7.45529159322148
H            8.14927194263800        3.94201099912819       -6.31845951243181
O            3.14186403012611       10.57940723892659        0.03617056161980
H            3.97740514169537       10.16159791070008        0.29360749180761
H            3.34526203104977       11.52681346591932        0.03261548416993
O           -0.85037950065122       -8.74196121051842       -2.90991002847831
H           -0.45766573371078       -9.16441636392289       -3.68854659165618
H           -1.80459151820867       -8.80087581067630       -3.06793040607938
O            9.28712207276115        4.66668785565868       -4.31838386339422
H            9.09071642994583        4.59884550668466       -3.37192224449148
H            8.79955659518422        5.45433373960738       -4.60273542550327
O           -2.89371811187765        6.48290721558096       -7.14158944059799
H           -2.51108254392746        7.26396689195865       -6.71438555370531
H           -3.81142882064269        6.73883123090786       -7.31842806108836
C           -0.53182635566847        4.02177898812254        5.76436406354581
O           -0.67578179981826        3.55986250729057        6.88582984253127
O           -0.71316500503603        3.40222553037286        4.70989677086387
O           -0.18252536073957        5.18028150873682        5.51037762872689
101
 energy: -140.763092690078 gnorm: 0.083593085519 xtb: 6.5.0 (unknown)
C           -3.39844078111497       -4.33969753698322        1.25078939899667
C           -3.86259175896234       -3.18689148571437        0.36627730556504
H           -3.98157911306895       -5.23664180305018        1.03470917165699
H           -2.34705117756361       -4.57280214501845        1.08432766746110
H           -3.53298464590656       -4.09701617604502        2.30438114536911
C           -3.17043210846113       -1.84300230635306        0.69031370216701
H           -3.69815694925672       -3.45222074949859       -0.68208247537567
H           -4.94282984902828       -3.07167520206452        0.50322406800018
C           -3.84921706467730       -0.70041431605784       -0.10699870016029
H           -3.34903197183511       -1.64330054109613        1.75345822937158
H           -3.57571469659930       -0.76625649248334       -1.16327861432288
H           -4.93092180398347       -0.87185792414982       -0.05380998469159
C           -3.59429014629404        0.73434620877647        0.42083536941518
C           -4.64111286159136        1.69866224029973       -0.18387016884829
H           -3.77016414415550        0.71540899010002        1.50262397551062
H           -4.49735939141311        1.77946091102560       -1.26570212204679
H           -5.64035692230578        1.27993445124534       -0.02362463519650
C           -4.61376571563264        3.09399152567200        0.43092510099776
H           -5.43049552822613        3.69594522090941        0.02859193001042
H           -4.73287507728486        3.04472118176177        1.51223954932335
H           -3.67786199539688        3.60785920707775        0.21615875351417
C           -2.18084934663979        1.22838289816666        0.18612383382278
C           -1.38064485748892        1.61927996079254        1.26839183977211
C           -1.63409519977795        1.32343323891488       -1.09814312474422
C           -0.07953668919412        2.04347794879960        1.08284058724242
H           -1.77234006508603        1.58824253349634        2.27551500123243
C           -0.33189472591592        1.74731935130134       -1.29387871611155
H           -2.22369924391187        1.04661524834865       -1.96284385530216
C            0.47574336159181        2.10971632719896       -0.20437093598260
H            0.51557940282356        2.29898125917319        1.94988798248213
H            0.07757628714431        1.75861441780878       -2.29947248074080
C           -1.67426205605864       -1.91509790108030        0.46928570992356
C           -0.78991859381031       -1.75932479840304        1.54716023194555
C           -1.12509248875448       -2.11979029914330       -0.80474556572000
C            0.57600240843572       -1.74375498703578        1.35805261656916
H           -1.17827898253602       -1.61434757458189        2.54574677728333
C            0.23924389932089       -2.10664972034026       -1.00728808585962
H           -1.77444575781293       -2.26382322613939       -1.65875239373173
C            1.12409427089515       -1.89546085385138        0.06929787542686
H            1.22577250735864       -1.55297178526481        2.20345993634887
H            0.62877575146063       -2.20509539839757       -2.01510589339366
C            2.58485333294206       -1.70670057230917       -0.16560777525989
H            2.75026688287062       -1.30694406571052       -1.16693241962943
H            2.99335794511556       -1.03176846813594        0.58626236416369
C            1.92087328367534        2.46303267103330       -0.39989669603225
H            2.48770845134311        2.17162136124435        0.48520614414713
H            2.31226476228175        1.94917108038768       -1.28018187316831
C            4.91624777843650       -2.54191203538173       -0.36771283676669
H            5.58219981968436       -3.40395071385809       -0.33252153990225
H            4.96173590373571       -2.09559392252468       -1.35738145277718
H            5.21486517918156       -1.82596768686982        0.39311675884480
C            3.09575928826556       -3.97161710334711       -1.12684793733926
H            2.09616639824797       -4.34705038727078       -0.91320489626266
H            3.09518421181243       -3.48970606121677       -2.10339682768635
H            3.80117760893828       -4.80360055298467       -1.13634839358214
C            3.44017668675081       -3.58787804558219        1.26170850775679
H            3.68295323157105       -2.82850519687200        2.00308436877964
H            2.43861010524203       -3.96812524752258        1.45649164827598
H            4.15820587856969       -4.40654977486339        1.32940678550598
C            3.75873952201389        4.07109655379984       -0.75275125474569
H            4.04201797664248        5.11728161996076       -0.86708868697907
H            4.22173641777327        3.67411890393367        0.14690033530388
H            4.07579284114512        3.51696832601118       -1.63193486992841
C            1.64942931064054        4.45230089891144       -1.88805886143971
H            1.94673985781878        3.80146023030216       -2.70954297149055
H            0.56420895357867        4.44877039192521       -1.80135858349334
H            1.99058014771634        5.46798616081861       -2.09190843618937
C            1.81627387342868        4.78689229484516        0.52914719190395
H            0.73031239202179        4.77825230326044        0.60475979445847
H            2.23412007100861        4.38448300112409        1.44996943123689
H            2.15718987506245        5.81500908071342        0.39894548114276
N            3.49414252787123       -2.97770441732507       -0.09437609813719
N            2.25980428155396        3.95906430654010       -0.62371766834892
O           -4.87561626539780       -3.54074271941335        9.87743045407817
H           -4.75221326494046       -4.48115643282581       10.04097421637054
H           -4.01535152636466       -3.13922068898789       10.04185319282448
O            5.23447681119603       -0.46946506443172        4.48412136026739
H            5.79113295520777       -0.36401399820210        5.26632842985100
H            5.46903560350300       -1.33267852933736        4.12642558551190
O            0.21786518951781       -5.16399445630563       14.74446058451717
H           -0.09798749142172       -5.86459158642201       15.32446233639421
H            0.88883324184770       -5.57608585325421       14.19041527628929
O            9.07343560003470        3.72865932280774       -6.54139550456821
H            9.11271017612782        3.61742264613346       -7.49561005836845
H            8.15393742730915        3.92926066171274       -6.33862860476009
O            3.15918077913004       10.57569561451386        0.00945756200575
H            3.97726220635002       10.16452000355186        0.30972951022964
H            3.33086517905488       11.52389597750553        0.04106555611054
O           -0.85030498278587       -8.73979120328788       -2.91971774561991
H           -0.45741185508024       -9.16749763554415       -3.68758233578586
H           -1.80168822268791       -8.79802257015600       -3.05872207255116
O            9.28037408483372        4.68028391551789       -4.27053885698832
H            9.08823160861393        4.61912061335866       -3.33092149951764
H            8.81815193333621        5.46460557529638       -4.58548578415441
O           -2.89411058662499        6.49125981037584       -7.14120548611061
H           -2.51092517281406        7.26364013259435       -6.71291858952991
H           -3.80981811626233        6.73090487994299       -7.31891657690384
C           -0.54279024789996        4.02186738306490        5.75778405757270
O           -0.67115756304468        3.54712993032198        6.89611531815206
O           -0.69828532781214        3.37896534453312        4.66966593494030
O           -0.15893442556876        5.20485993404787        5.49100352191707
101
 energy: -140.771825195599 gnorm: 0.070603802711 xtb: 6.5.0 (unknown)
C           -3.39112679930597       -4.32726848596969        1.24724104505609
C           -3.85687617926994       -3.17439495686137        0.36268660114160
H           -3.96982202636634       -5.22348828080924        1.03039241470175
H           -2.33996893425968       -4.54808695801653        1.08162846822931
H           -3.52795270537757       -4.08396125726535        2.29726631457080
C           -3.16633594251635       -1.83334801658891        0.69073027326886
H           -3.68456034333156       -3.43476293536893       -0.68384113645709
H           -4.93451356648012       -3.05404901746854        0.49951877859680
C           -3.84509462179425       -0.69993369659063       -0.10757415059484
H           -3.33728678465037       -1.63587973803846        1.75427051270961
H           -3.55404032032264       -0.76310048154857       -1.15712417709342
H           -4.92457953113759       -0.87008605785282       -0.05740076943989
C           -3.58654824406520        0.72590723328761        0.42315841745020
C           -4.62871549955917        1.68873656660428       -0.18510451678073
H           -3.75522162341491        0.71464603662065        1.50465044245738
H           -4.47752765786696        1.76729890842881       -1.26446825799857
H           -5.62380377249843        1.26555477182911       -0.02347675085322
C           -4.60070619501736        3.08426999698399        0.43075246614554
H           -5.41418133857580        3.68583191298551        0.02803346804178
H           -4.72030897640429        3.03310641646695        1.50836470153257
H           -3.66224835895302        3.58883223957842        0.22069102081478
C           -2.17614066228461        1.20787938563823        0.18846147401065
C           -1.37364838736674        1.60826582383827        1.26440550520202
C           -1.62620158937540        1.31037429540202       -1.09229721305076
C           -0.08566194577401        2.04106136594392        1.08238613715317
H           -1.76244504993745        1.58798085615471        2.26884346837293
C           -0.33740892922578        1.74273714059108       -1.29107695335107
H           -2.21807445847394        1.03868925192184       -1.95363170498310
C            0.47476649699088        2.11560093782275       -0.20446160270343
H            0.49474889438196        2.31363840931756        1.94912497860698
H            0.06850105597328        1.76908654283254       -2.29544388572296
C           -1.67818408611046       -1.89466100362098        0.46734230880300
C           -0.78497554118192       -1.74320176922090        1.54054528859075
C           -1.12153015350716       -2.10445190454039       -0.80384915533019
C            0.56809159057386       -1.73501767002398        1.35915276233855
H           -1.17729663443999       -1.60466625737233        2.53517199761598
C            0.22977489448749       -2.10017417423215       -1.00872658610333
H           -1.77294192537627       -2.25681645350730       -1.65134814628921
C            1.12984273120469       -1.88605594216654        0.06632924678937
H            1.21992017613641       -1.55987916540788        2.20247610228423
H            0.62337124738349       -2.21561021023623       -2.01128333196459
C            2.55581616890755       -1.68594526461368       -0.16458790628474
H            2.75521258284350       -1.30391333850337       -1.16809550129401
H            2.99558940763138       -1.02824045759518        0.58677739987582
C            1.90572335611877        2.45719752332647       -0.39471459697942
H            2.47891871882858        2.17522291255065        0.48901665791090
H            2.31369258400517        1.95121288006633       -1.27428455152832
C            4.89484070344521       -2.55755835260747       -0.36089296767010
H            5.57276596609163       -3.40676922348431       -0.32859570128134
H            4.95458957234760       -2.09641398034846       -1.34352846571480
H            5.20261389079221       -1.82773335456590        0.38381340733496
C            3.09736001107705       -3.96204094787478       -1.10861549947017
H            2.09098199788643       -4.31604328627108       -0.89864502945188
H            3.09435127995368       -3.49191241272428       -2.08893056226245
H            3.78430267978490       -4.80625000008701       -1.12509884325956
C            3.43527088066693       -3.58301945542435        1.24400457910370
H            3.67403356818483       -2.83162886797057        1.99274851605237
H            2.42726113777872       -3.94172340327624        1.43618092671124
H            4.13950830424149       -4.40923759372391        1.32771530466547
C            3.72523906519248        4.07094555649514       -0.74529017586936
H            4.01881673049416        5.11132064644602       -0.86236026911365
H            4.20845557755179        3.67433443808516        0.14349902090617
H            4.07233211957107        3.50970210680591       -1.61213113159951
C            1.64562748151706        4.44435339400199       -1.86156852539307
H            1.93693611073398        3.80699232798569       -2.69444835715429
H            0.56262309428495        4.42417772559132       -1.77636056181457
H            1.96969499927655        5.46219304249863       -2.07144495110767
C            1.81041262377504        4.77155278866875        0.52034048825528
H            0.72764822626672        4.74541243932496        0.60728589275677
H            2.21960684731151        4.38403680873873        1.44962200479925
H            2.13493166577085        5.80337281180766        0.39823445401328
N            3.50786643189725       -2.97874000522843       -0.09478054178383
N            2.26334895650877        3.95553605012959       -0.62023094677848
O           -4.87253941403765       -3.55072212509661        9.88020595355494
H           -4.74597474091058       -4.48540928269338       10.04509860933325
H           -4.02727034204359       -3.12331008482171       10.03553038639669
O            5.26873729977237       -0.47394283088846        4.43766684801130
H            5.75183240248932       -0.33751070243654        5.26691589995739
H            5.48713336053862       -1.36973242435219        4.15446733425150
O            0.21843301833614       -5.17394682515678       14.74317037944574
H           -0.10140258235114       -5.86182752686267       15.32846872479377
H            0.89106340574392       -5.57084877067186       14.18810231467952
O            9.06457157104883        3.70012530824025       -6.59613465197928
H            9.10598454427708        3.61132277393763       -7.54753527600242
H            8.15976221545765        3.91063593330278       -6.36040756385100
O            3.18177755122374       10.56792850704178       -0.02434549779953
H            3.98091595992456       10.16846864256350        0.33329172785987
H            3.30943595304078       11.51963830117103        0.04797804320006
O           -0.84807818423593       -8.73611492361976       -2.93147429753291
H           -0.45655907110206       -9.17321626823205       -3.68896039166334
H           -1.79896261833737       -8.79240367275761       -3.04489320859455
O            9.26102229634946        4.68788178454597       -4.21687093970475
H            9.08667433702040        4.64860547297282       -3.27785749170374
H            8.84788224501484        5.48284534266827       -4.56421056673453
O           -2.89309330910691        6.50064924024611       -7.13980753000850
H           -2.51001377765891        7.26629804346108       -6.70991590365535
H           -3.80908857334469        6.71905549417411       -7.32066167742226
C           -0.44956213833497        3.98966858996198        5.73796567006189
O           -0.70846051869582        3.55150402511036        6.87864371318982
O           -0.69244838057375        3.36728417242175        4.62516795160507
O           -0.15814482955234        5.22114247664095        5.45778053975646
101
 energy: -140.776423134723 gnorm: 0.106056431949 xtb: 6.5.0 (unknown)
C           -3.38328996811236       -4.31466524556119        1.24408578362280
C           -3.85091569131062       -3.16223030594803        0.35895358257371
H           -3.95684060403171       -5.21093060909265        1.02534264487506
H           -2.33168744459996       -4.52260143638688        1.07861403173041
H           -3.52337531428950       -4.07030004439374        2.29134820292932
C           -3.16340319732780       -1.82330871454218        0.69283565954431
H           -3.67114339783940       -3.41764219190766       -0.68597098174568
H           -4.92618720650230       -3.03746190630732        0.49520937844648
C           -3.84132731079696       -0.69945118381332       -0.10817831670399
H           -3.32747418099313       -1.62830481476548        1.75700876540957
H           -3.53298899220914       -0.75993950080904       -1.15124925285914
H           -4.91864554323215       -0.86840507877430       -0.06359231225245
C           -3.57926051473814        0.71704430406628        0.42700709279266
C           -4.61558207148298        1.67932507056177       -0.18646525937142
H           -3.74149869009669        0.71320517770370        1.50832184046039
H           -4.45744930951658        1.75571663466496       -1.26355725911944
H           -5.60694912646446        1.25234160865425       -0.02418851405411
C           -4.58672310615496        3.07480911154081        0.43086621152990
H           -5.39663220789503        3.67639002615179        0.02678035486510
H           -4.70791543722426        3.02087702063269        1.50579928225919
H           -3.64500260841343        3.57015888204335        0.22472548236980
C           -2.17299398075034        1.18789629138642        0.19095841268901
C           -1.36903781552740        1.59904118541993        1.26046052734306
C           -1.61950709391864        1.29810531148464       -1.08672733325402
C           -0.09077571497480        2.04064846212938        1.08079864152645
H           -1.75419448312023        1.58595277474839        2.26376491969477
C           -0.34125589215258        1.73879381011580       -1.28784734500791
H           -2.21364222023368        1.02828602884150       -1.94503631910941
C            0.47640576522276        2.12149432507179       -0.20507892837292
H            0.47483666723112        2.32923746693463        1.94870197424484
H            0.06129735064819        1.78017743552483       -2.29124386591068
C           -1.68428366265842       -1.87470619602031        0.46564549136341
C           -0.78248563052696       -1.72829972901954        1.53437551525252
C           -1.12014327528317       -2.09089408959443       -0.80260884989566
C            0.56004283881113       -1.72464250894539        1.35949306391300
H           -1.18077599225389       -1.59444639802461        2.52569591153731
C            0.22036515340427       -2.09239531189328       -1.01011007481891
H           -1.77525368407956       -2.24983785073577       -1.64439492571127
C            1.13718601933328       -1.86677267688566        0.06133809972197
H            1.21562729615388       -1.56620525883194        2.20082414350623
H            0.61937804089692       -2.22553452688603       -2.00726982057481
C            2.51909083196635       -1.65187673489699       -0.16467053972080
H            2.75992185492314       -1.29672034906431       -1.17193408029678
H            2.99823454815699       -1.02019486331085        0.58867331644190
C            1.89352702123360        2.45129753947997       -0.38948276933289
H            2.47096031393184        2.17649220959019        0.49409587570257
H            2.31584065998725        1.95079105637383       -1.26790276709219
C            4.87278488891214       -2.57303251727519       -0.35368027488580
H            5.56648744654723       -3.40875298363113       -0.32476107469793
H            4.94877949043236       -2.09821794475532       -1.33196322808359
H            5.19255169999054       -1.82967776031144        0.37685710752062
C            3.10037467131511       -3.95514768645359       -1.09221525093296
H            2.08533037339499       -4.28362132424506       -0.88233940519523
H            3.09661415040390       -3.49416682824162       -2.07698324934450
H            3.76585568259128       -4.81516545168129       -1.11531539581943
C            3.43235144094318       -3.57998099121543        1.22841085981123
H            3.66885328325260       -2.83411430037904        1.98391154048017
H            2.41499408459846       -3.91466708941115        1.41403825838820
H            4.11998924109108       -4.41690947622649        1.33046043645518
C            3.68983561785008        4.06829554833277       -0.73649841156950
H            3.99403506621394        5.10448323879907       -0.85817832445818
H            4.19677469632239        3.67445261006454        0.14340987791775
H            4.06869907585113        3.50180201449394       -1.59292375273799
C            1.64024444602572        4.43571442841211       -1.83617630994688
H            1.92818890151815        3.81235330718541       -2.68199284388221
H            0.55847642995220        4.39772933295469       -1.75020496125349
H            1.94569002814084        5.45769323806057       -2.04977924552974
C            1.80350618377964        4.75603913410355        0.51416827354085
H            0.72259868796761        4.71012320994061        0.60977631974595
H            2.20787130329289        4.38313782662826        1.45186236002386
H            2.10976276088101        5.79256706510956        0.39739764800083
N            3.53025731252457       -2.99237637610327       -0.09453188099079
N            2.26558691162774        3.95662387553291       -0.61670639212081
O           -4.86923478409548       -3.56136115437108        9.88308858684087
H           -4.73961292257602       -4.49108504767696       10.04966986847426
H           -4.04024692870931       -3.10498869123985       10.02848554311983
O            5.29910628837185       -0.48440507162661        4.40013931558149
H            5.71817926117346       -0.30986503540489        5.26018690797898
H            5.50253074127948       -1.40241520914467        4.17945405831240
O            0.21844543694342       -5.18474418377682       14.74140890904076
H           -0.10603849652299       -5.85883630605680       15.33394448109972
H            0.89422974196234       -5.56481872704534       14.18488672551198
O            9.05614475405614        3.66648330500405       -6.65429060686099
H            9.09789061273855        3.60739462136880       -7.60443512866334
H            8.16876799298714        3.89260607960157       -6.37911322438600
O            3.20678421223459       10.56062700693136       -0.05715555270689
H            3.98417767861060       10.17154597449434        0.35742329995569
H            3.28625647929368       11.51464077568640        0.05332965054349
O           -0.84582257385771       -8.73125563690617       -2.94470446194177
H           -0.45462366724270       -9.18041584552767       -3.69065416103611
H           -1.79694903689758       -8.78638671690450       -3.02911478875573
O            9.23445250046502        4.69270577160026       -4.16183242695653
H            9.08770285624026        4.68214548181695       -3.22020734630184
H            8.88055772483976        5.50194550196539       -4.54275347078805
O           -2.89176355290712        6.51086212968385       -7.13860838355324
H           -2.50802867695291        7.26979789862398       -6.70607267170913
H           -3.80910554036676        6.70543321317924       -7.32311254728125
C           -0.56671390371608        4.01947419601795        5.71752277319373
O           -0.65100919020546        3.52954550516371        6.85327705952220
O           -0.62570367558151        3.34248566562737        4.58229538970577
O           -0.09785147656954        5.21245203142628        5.42121335231849
